

Started GET "/" for 127.0.0.1 at 2014-04-01 14:16:04 +0200

ActiveRecord::PendingMigrationError (Migrations are pending; run 'bin/rake db:migrate RAILS_ENV=development' to resolve this issue.):
  activerecord (4.0.4) lib/active_record/migration.rb:383:in `check_pending!'
  activerecord (4.0.4) lib/active_record/migration.rb:370:in `call'
  actionpack (4.0.4) lib/action_dispatch/middleware/callbacks.rb:29:in `block in call'
  activesupport (4.0.4) lib/active_support/callbacks.rb:373:in `_run__882549872__call__callbacks'
  activesupport (4.0.4) lib/active_support/callbacks.rb:80:in `run_callbacks'
  actionpack (4.0.4) lib/action_dispatch/middleware/callbacks.rb:27:in `call'
  actionpack (4.0.4) lib/action_dispatch/middleware/reloader.rb:64:in `call'
  actionpack (4.0.4) lib/action_dispatch/middleware/remote_ip.rb:76:in `call'
  actionpack (4.0.4) lib/action_dispatch/middleware/debug_exceptions.rb:17:in `call'
  actionpack (4.0.4) lib/action_dispatch/middleware/show_exceptions.rb:30:in `call'
  railties (4.0.4) lib/rails/rack/logger.rb:38:in `call_app'
  railties (4.0.4) lib/rails/rack/logger.rb:20:in `block in call'
  activesupport (4.0.4) lib/active_support/tagged_logging.rb:68:in `block in tagged'
  activesupport (4.0.4) lib/active_support/tagged_logging.rb:26:in `tagged'
  activesupport (4.0.4) lib/active_support/tagged_logging.rb:68:in `tagged'
  railties (4.0.4) lib/rails/rack/logger.rb:20:in `call'
  actionpack (4.0.4) lib/action_dispatch/middleware/request_id.rb:21:in `call'
  /usr/lib/ruby/vendor_ruby/rack/methodoverride.rb:21:in `call'
  /usr/lib/ruby/vendor_ruby/rack/runtime.rb:17:in `call'
  activesupport (4.0.4) lib/active_support/cache/strategy/local_cache.rb:83:in `call'
  /usr/lib/ruby/vendor_ruby/rack/lock.rb:17:in `call'
  actionpack (4.0.4) lib/action_dispatch/middleware/static.rb:64:in `call'
  /usr/lib/ruby/vendor_ruby/rack/sendfile.rb:112:in `call'
  railties (4.0.4) lib/rails/engine.rb:511:in `call'
  railties (4.0.4) lib/rails/application.rb:97:in `call'
  /usr/lib/ruby/vendor_ruby/rack/lock.rb:17:in `call'
  /usr/lib/ruby/vendor_ruby/rack/content_length.rb:14:in `call'
  /usr/lib/ruby/vendor_ruby/rack/handler/webrick.rb:60:in `service'
  /usr/lib/ruby/1.9.1/webrick/httpserver.rb:138:in `service'
  /usr/lib/ruby/1.9.1/webrick/httpserver.rb:94:in `run'
  /usr/lib/ruby/1.9.1/webrick/server.rb:191:in `block in start_thread'


  Rendered /var/lib/gems/1.9.1/gems/actionpack-4.0.4/lib/action_dispatch/middleware/templates/rescues/_source.erb (0.7ms)
  Rendered /var/lib/gems/1.9.1/gems/actionpack-4.0.4/lib/action_dispatch/middleware/templates/rescues/_trace.erb (1.1ms)
  Rendered /var/lib/gems/1.9.1/gems/actionpack-4.0.4/lib/action_dispatch/middleware/templates/rescues/_request_and_response.erb (1.4ms)
  Rendered /var/lib/gems/1.9.1/gems/actionpack-4.0.4/lib/action_dispatch/middleware/templates/rescues/diagnostics.erb within rescues/layout (25.6ms)


Started GET "/gists" for 127.0.0.1 at 2014-04-01 14:16:11 +0200

ActiveRecord::PendingMigrationError (Migrations are pending; run 'bin/rake db:migrate RAILS_ENV=development' to resolve this issue.):
  activerecord (4.0.4) lib/active_record/migration.rb:383:in `check_pending!'
  activerecord (4.0.4) lib/active_record/migration.rb:370:in `call'
  actionpack (4.0.4) lib/action_dispatch/middleware/callbacks.rb:29:in `block in call'
  activesupport (4.0.4) lib/active_support/callbacks.rb:373:in `_run__882549872__call__callbacks'
  activesupport (4.0.4) lib/active_support/callbacks.rb:80:in `run_callbacks'
  actionpack (4.0.4) lib/action_dispatch/middleware/callbacks.rb:27:in `call'
  actionpack (4.0.4) lib/action_dispatch/middleware/reloader.rb:64:in `call'
  actionpack (4.0.4) lib/action_dispatch/middleware/remote_ip.rb:76:in `call'
  actionpack (4.0.4) lib/action_dispatch/middleware/debug_exceptions.rb:17:in `call'
  actionpack (4.0.4) lib/action_dispatch/middleware/show_exceptions.rb:30:in `call'
  railties (4.0.4) lib/rails/rack/logger.rb:38:in `call_app'
  railties (4.0.4) lib/rails/rack/logger.rb:20:in `block in call'
  activesupport (4.0.4) lib/active_support/tagged_logging.rb:68:in `block in tagged'
  activesupport (4.0.4) lib/active_support/tagged_logging.rb:26:in `tagged'
  activesupport (4.0.4) lib/active_support/tagged_logging.rb:68:in `tagged'
  railties (4.0.4) lib/rails/rack/logger.rb:20:in `call'
  actionpack (4.0.4) lib/action_dispatch/middleware/request_id.rb:21:in `call'
  /usr/lib/ruby/vendor_ruby/rack/methodoverride.rb:21:in `call'
  /usr/lib/ruby/vendor_ruby/rack/runtime.rb:17:in `call'
  activesupport (4.0.4) lib/active_support/cache/strategy/local_cache.rb:83:in `call'
  /usr/lib/ruby/vendor_ruby/rack/lock.rb:17:in `call'
  actionpack (4.0.4) lib/action_dispatch/middleware/static.rb:64:in `call'
  /usr/lib/ruby/vendor_ruby/rack/sendfile.rb:112:in `call'
  railties (4.0.4) lib/rails/engine.rb:511:in `call'
  railties (4.0.4) lib/rails/application.rb:97:in `call'
  /usr/lib/ruby/vendor_ruby/rack/lock.rb:17:in `call'
  /usr/lib/ruby/vendor_ruby/rack/content_length.rb:14:in `call'
  /usr/lib/ruby/vendor_ruby/rack/handler/webrick.rb:60:in `service'
  /usr/lib/ruby/1.9.1/webrick/httpserver.rb:138:in `service'
  /usr/lib/ruby/1.9.1/webrick/httpserver.rb:94:in `run'
  /usr/lib/ruby/1.9.1/webrick/server.rb:191:in `block in start_thread'


  Rendered /var/lib/gems/1.9.1/gems/actionpack-4.0.4/lib/action_dispatch/middleware/templates/rescues/_source.erb (4.4ms)
  Rendered /var/lib/gems/1.9.1/gems/actionpack-4.0.4/lib/action_dispatch/middleware/templates/rescues/_trace.erb (3.1ms)
  Rendered /var/lib/gems/1.9.1/gems/actionpack-4.0.4/lib/action_dispatch/middleware/templates/rescues/_request_and_response.erb (1.0ms)
  Rendered /var/lib/gems/1.9.1/gems/actionpack-4.0.4/lib/action_dispatch/middleware/templates/rescues/diagnostics.erb within rescues/layout (27.0ms)


Started GET "/gists" for 127.0.0.1 at 2014-04-01 14:16:18 +0200

ActiveRecord::PendingMigrationError (Migrations are pending; run 'bin/rake db:migrate RAILS_ENV=development' to resolve this issue.):
  activerecord (4.0.4) lib/active_record/migration.rb:383:in `check_pending!'
  activerecord (4.0.4) lib/active_record/migration.rb:370:in `call'
  actionpack (4.0.4) lib/action_dispatch/middleware/callbacks.rb:29:in `block in call'
  activesupport (4.0.4) lib/active_support/callbacks.rb:373:in `_run__882549872__call__callbacks'
  activesupport (4.0.4) lib/active_support/callbacks.rb:80:in `run_callbacks'
  actionpack (4.0.4) lib/action_dispatch/middleware/callbacks.rb:27:in `call'
  actionpack (4.0.4) lib/action_dispatch/middleware/reloader.rb:64:in `call'
  actionpack (4.0.4) lib/action_dispatch/middleware/remote_ip.rb:76:in `call'
  actionpack (4.0.4) lib/action_dispatch/middleware/debug_exceptions.rb:17:in `call'
  actionpack (4.0.4) lib/action_dispatch/middleware/show_exceptions.rb:30:in `call'
  railties (4.0.4) lib/rails/rack/logger.rb:38:in `call_app'
  railties (4.0.4) lib/rails/rack/logger.rb:20:in `block in call'
  activesupport (4.0.4) lib/active_support/tagged_logging.rb:68:in `block in tagged'
  activesupport (4.0.4) lib/active_support/tagged_logging.rb:26:in `tagged'
  activesupport (4.0.4) lib/active_support/tagged_logging.rb:68:in `tagged'
  railties (4.0.4) lib/rails/rack/logger.rb:20:in `call'
  actionpack (4.0.4) lib/action_dispatch/middleware/request_id.rb:21:in `call'
  /usr/lib/ruby/vendor_ruby/rack/methodoverride.rb:21:in `call'
  /usr/lib/ruby/vendor_ruby/rack/runtime.rb:17:in `call'
  activesupport (4.0.4) lib/active_support/cache/strategy/local_cache.rb:83:in `call'
  /usr/lib/ruby/vendor_ruby/rack/lock.rb:17:in `call'
  actionpack (4.0.4) lib/action_dispatch/middleware/static.rb:64:in `call'
  /usr/lib/ruby/vendor_ruby/rack/sendfile.rb:112:in `call'
  railties (4.0.4) lib/rails/engine.rb:511:in `call'
  railties (4.0.4) lib/rails/application.rb:97:in `call'
  /usr/lib/ruby/vendor_ruby/rack/lock.rb:17:in `call'
  /usr/lib/ruby/vendor_ruby/rack/content_length.rb:14:in `call'
  /usr/lib/ruby/vendor_ruby/rack/handler/webrick.rb:60:in `service'
  /usr/lib/ruby/1.9.1/webrick/httpserver.rb:138:in `service'
  /usr/lib/ruby/1.9.1/webrick/httpserver.rb:94:in `run'
  /usr/lib/ruby/1.9.1/webrick/server.rb:191:in `block in start_thread'


  Rendered /var/lib/gems/1.9.1/gems/actionpack-4.0.4/lib/action_dispatch/middleware/templates/rescues/_source.erb (0.6ms)
  Rendered /var/lib/gems/1.9.1/gems/actionpack-4.0.4/lib/action_dispatch/middleware/templates/rescues/_trace.erb (1.7ms)
  Rendered /var/lib/gems/1.9.1/gems/actionpack-4.0.4/lib/action_dispatch/middleware/templates/rescues/_request_and_response.erb (1.7ms)
  Rendered /var/lib/gems/1.9.1/gems/actionpack-4.0.4/lib/action_dispatch/middleware/templates/rescues/diagnostics.erb within rescues/layout (23.0ms)


Started GET "/" for 127.0.0.1 at 2014-04-01 14:16:22 +0200

ActiveRecord::PendingMigrationError (Migrations are pending; run 'bin/rake db:migrate RAILS_ENV=development' to resolve this issue.):
  activerecord (4.0.4) lib/active_record/migration.rb:383:in `check_pending!'
  activerecord (4.0.4) lib/active_record/migration.rb:370:in `call'
  actionpack (4.0.4) lib/action_dispatch/middleware/callbacks.rb:29:in `block in call'
  activesupport (4.0.4) lib/active_support/callbacks.rb:373:in `_run__882549872__call__callbacks'
  activesupport (4.0.4) lib/active_support/callbacks.rb:80:in `run_callbacks'
  actionpack (4.0.4) lib/action_dispatch/middleware/callbacks.rb:27:in `call'
  actionpack (4.0.4) lib/action_dispatch/middleware/reloader.rb:64:in `call'
  actionpack (4.0.4) lib/action_dispatch/middleware/remote_ip.rb:76:in `call'
  actionpack (4.0.4) lib/action_dispatch/middleware/debug_exceptions.rb:17:in `call'
  actionpack (4.0.4) lib/action_dispatch/middleware/show_exceptions.rb:30:in `call'
  railties (4.0.4) lib/rails/rack/logger.rb:38:in `call_app'
  railties (4.0.4) lib/rails/rack/logger.rb:20:in `block in call'
  activesupport (4.0.4) lib/active_support/tagged_logging.rb:68:in `block in tagged'
  activesupport (4.0.4) lib/active_support/tagged_logging.rb:26:in `tagged'
  activesupport (4.0.4) lib/active_support/tagged_logging.rb:68:in `tagged'
  railties (4.0.4) lib/rails/rack/logger.rb:20:in `call'
  actionpack (4.0.4) lib/action_dispatch/middleware/request_id.rb:21:in `call'
  /usr/lib/ruby/vendor_ruby/rack/methodoverride.rb:21:in `call'
  /usr/lib/ruby/vendor_ruby/rack/runtime.rb:17:in `call'
  activesupport (4.0.4) lib/active_support/cache/strategy/local_cache.rb:83:in `call'
  /usr/lib/ruby/vendor_ruby/rack/lock.rb:17:in `call'
  actionpack (4.0.4) lib/action_dispatch/middleware/static.rb:64:in `call'
  /usr/lib/ruby/vendor_ruby/rack/sendfile.rb:112:in `call'
  railties (4.0.4) lib/rails/engine.rb:511:in `call'
  railties (4.0.4) lib/rails/application.rb:97:in `call'
  /usr/lib/ruby/vendor_ruby/rack/lock.rb:17:in `call'
  /usr/lib/ruby/vendor_ruby/rack/content_length.rb:14:in `call'
  /usr/lib/ruby/vendor_ruby/rack/handler/webrick.rb:60:in `service'
  /usr/lib/ruby/1.9.1/webrick/httpserver.rb:138:in `service'
  /usr/lib/ruby/1.9.1/webrick/httpserver.rb:94:in `run'
  /usr/lib/ruby/1.9.1/webrick/server.rb:191:in `block in start_thread'


  Rendered /var/lib/gems/1.9.1/gems/actionpack-4.0.4/lib/action_dispatch/middleware/templates/rescues/_source.erb (0.5ms)
  Rendered /var/lib/gems/1.9.1/gems/actionpack-4.0.4/lib/action_dispatch/middleware/templates/rescues/_trace.erb (2.0ms)
  Rendered /var/lib/gems/1.9.1/gems/actionpack-4.0.4/lib/action_dispatch/middleware/templates/rescues/_request_and_response.erb (1.1ms)
  Rendered /var/lib/gems/1.9.1/gems/actionpack-4.0.4/lib/action_dispatch/middleware/templates/rescues/diagnostics.erb within rescues/layout (35.9ms)
  [1m[36m (62.7ms)[0m  [1mCREATE TABLE "schema_migrations" ("version" varchar(255) NOT NULL) [0m
  [1m[35m (8.2ms)[0m  CREATE UNIQUE INDEX "unique_schema_migrations" ON "schema_migrations" ("version")
  [1m[36mActiveRecord::SchemaMigration Load (0.2ms)[0m  [1mSELECT "schema_migrations".* FROM "schema_migrations"[0m
Migrating to CreateGists (20140331155305)
  [1m[35m (0.1ms)[0m  begin transaction
  [1m[36m (0.4ms)[0m  [1mCREATE TABLE "gists" ("id" INTEGER PRIMARY KEY AUTOINCREMENT NOT NULL, "snippet" text, "lang" varchar(255), "description" varchar(255), "created_at" datetime, "updated_at" datetime) [0m
  [1m[35mSQL (0.2ms)[0m  INSERT INTO "schema_migrations" ("version") VALUES (?)  [["version", "20140331155305"]]
  [1m[36m (27.4ms)[0m  [1mcommit transaction[0m
  [1m[35mActiveRecord::SchemaMigration Load (0.1ms)[0m  SELECT "schema_migrations".* FROM "schema_migrations"


Started GET "/" for 127.0.0.1 at 2014-04-01 14:17:20 +0200
  [1m[36mActiveRecord::SchemaMigration Load (0.2ms)[0m  [1mSELECT "schema_migrations".* FROM "schema_migrations"[0m
Processing by Rails::WelcomeController#index as HTML
  Rendered /var/lib/gems/1.9.1/gems/railties-4.0.4/lib/rails/templates/rails/welcome/index.html.erb (2.7ms)
Completed 200 OK in 60ms (Views: 29.6ms | ActiveRecord: 0.0ms)


Started GET "/gists" for 127.0.0.1 at 2014-04-01 14:17:27 +0200
Processing by GistsController#index as HTML
  [1m[35mGist Load (0.2ms)[0m  SELECT "gists".* FROM "gists"
  Rendered gists/index.html.erb within layouts/application (1.7ms)
Completed 200 OK in 1136ms (Views: 1132.9ms | ActiveRecord: 0.2ms)


Started GET "/assets/application.css?body=1" for 127.0.0.1 at 2014-04-01 14:17:29 +0200


Started GET "/assets/turbolinks.js?body=1" for 127.0.0.1 at 2014-04-01 14:17:29 +0200


Started GET "/assets/jquery_ujs.js?body=1" for 127.0.0.1 at 2014-04-01 14:17:29 +0200


Started GET "/assets/jquery.js?body=1" for 127.0.0.1 at 2014-04-01 14:17:29 +0200


Started GET "/assets/scaffolds.css?body=1" for 127.0.0.1 at 2014-04-01 14:17:29 +0200


Started GET "/assets/gists.css?body=1" for 127.0.0.1 at 2014-04-01 14:17:29 +0200


Started GET "/assets/gists.js?body=1" for 127.0.0.1 at 2014-04-01 14:17:29 +0200


Started GET "/assets/application.js?body=1" for 127.0.0.1 at 2014-04-01 14:17:29 +0200


Started GET "/" for 127.0.0.1 at 2014-04-01 15:33:52 +0200
  [1m[36mActiveRecord::SchemaMigration Load (0.2ms)[0m  [1mSELECT "schema_migrations".* FROM "schema_migrations"[0m
Processing by Rails::WelcomeController#index as HTML
  Rendered /var/lib/gems/1.9.1/gems/railties-4.0.4/lib/rails/templates/rails/welcome/index.html.erb (2.6ms)
Completed 200 OK in 61ms (Views: 32.5ms | ActiveRecord: 0.0ms)


Started GET "/gists" for 127.0.0.1 at 2014-04-01 15:33:56 +0200
Processing by GistsController#index as HTML
  [1m[35mGist Load (0.4ms)[0m  SELECT "gists".* FROM "gists"
  Rendered gists/index.html.erb within layouts/application (6.3ms)
Completed 200 OK in 47ms (Views: 44.9ms | ActiveRecord: 0.4ms)


Started GET "/assets/application.css?body=1" for 127.0.0.1 at 2014-04-01 15:33:56 +0200


Started GET "/assets/jquery.js?body=1" for 127.0.0.1 at 2014-04-01 15:33:56 +0200


Started GET "/assets/scaffolds.css?body=1" for 127.0.0.1 at 2014-04-01 15:33:56 +0200


Started GET "/assets/gists.css?body=1" for 127.0.0.1 at 2014-04-01 15:33:56 +0200


Started GET "/assets/turbolinks.js?body=1" for 127.0.0.1 at 2014-04-01 15:33:56 +0200


Started GET "/assets/jquery_ujs.js?body=1" for 127.0.0.1 at 2014-04-01 15:33:56 +0200


Started GET "/assets/gists.js?body=1" for 127.0.0.1 at 2014-04-01 15:33:56 +0200


Started GET "/assets/application.js?body=1" for 127.0.0.1 at 2014-04-01 15:33:56 +0200


Started GET "/gists" for 127.0.0.1 at 2014-04-01 15:37:55 +0200
  [1m[36mActiveRecord::SchemaMigration Load (0.2ms)[0m  [1mSELECT "schema_migrations".* FROM "schema_migrations"[0m
Processing by GistsController#index as HTML
  [1m[35mGist Load (0.5ms)[0m  SELECT "gists".* FROM "gists"
  Rendered gists/index.html.erb within layouts/application (4.0ms)
Completed 500 Internal Server Error in 81ms

ActionView::Template::Error (uninitialized constant Pygments
  (in /home/student/ASI/my_gists/app/assets/stylesheets/pygments.css.erb)):
    2: <html>
    3: <head>
    4:   <title>MyGists</title>
    5:   <%= stylesheet_link_tag    "application", media: "all", "data-turbolinks-track" => true %>
    6:   <%= javascript_include_tag "application", "data-turbolinks-track" => true %>
    7:   <%= csrf_meta_tags %>
    8: </head>
  app/assets/stylesheets/pygments.css.erb:1:in `block in singletonclass'
  app/assets/stylesheets/pygments.css.erb:65531:in `instance_eval'
  app/assets/stylesheets/pygments.css.erb:65531:in `singletonclass'
  app/assets/stylesheets/pygments.css.erb:65529:in `__tilt_73944890'
  app/views/layouts/application.html.erb:5:in `_app_views_layouts_application_html_erb__241728530__618795428'


  Rendered /var/lib/gems/1.9.1/gems/actionpack-4.0.4/lib/action_dispatch/middleware/templates/rescues/_trace.erb (1.8ms)
  Rendered /var/lib/gems/1.9.1/gems/actionpack-4.0.4/lib/action_dispatch/middleware/templates/rescues/_request_and_response.erb (25.4ms)
  Rendered /var/lib/gems/1.9.1/gems/actionpack-4.0.4/lib/action_dispatch/middleware/templates/rescues/template_error.erb within rescues/layout (37.9ms)


Started GET "/gists" for 127.0.0.1 at 2014-04-01 15:42:55 +0200
  [1m[36mActiveRecord::SchemaMigration Load (0.2ms)[0m  [1mSELECT "schema_migrations".* FROM "schema_migrations"[0m
Processing by GistsController#index as HTML
  [1m[35mGist Load (0.2ms)[0m  SELECT "gists".* FROM "gists"
  Rendered gists/index.html.erb within layouts/application (4.0ms)
Completed 200 OK in 228ms (Views: 196.4ms | ActiveRecord: 0.2ms)


Started GET "/gists" for 127.0.0.1 at 2014-04-01 15:42:57 +0200
Processing by GistsController#index as HTML
  [1m[36mGist Load (0.2ms)[0m  [1mSELECT "gists".* FROM "gists"[0m
  Rendered gists/index.html.erb within layouts/application (1.0ms)
Completed 200 OK in 5ms (Views: 4.0ms | ActiveRecord: 0.2ms)


Started GET "/gists/new" for 127.0.0.1 at 2014-04-01 15:43:02 +0200
Processing by GistsController#new as HTML
  Rendered gists/_form.html.erb (70.9ms)
  Rendered gists/new.html.erb within layouts/application (80.3ms)
Completed 200 OK in 86ms (Views: 83.8ms | ActiveRecord: 0.4ms)


Started GET "/gists" for 127.0.0.1 at 2014-04-01 15:44:36 +0200
  [1m[36mActiveRecord::SchemaMigration Load (0.2ms)[0m  [1mSELECT "schema_migrations".* FROM "schema_migrations"[0m
Processing by GistsController#index as HTML
  [1m[35mGist Load (0.2ms)[0m  SELECT "gists".* FROM "gists"
  Rendered gists/index.html.erb within layouts/application (3.3ms)
Completed 200 OK in 100ms (Views: 69.0ms | ActiveRecord: 0.2ms)


Started GET "/gists/new" for 127.0.0.1 at 2014-04-01 15:44:39 +0200
Processing by GistsController#new as HTML
  Rendered gists/_form.html.erb (58.3ms)
  Rendered gists/new.html.erb within layouts/application (71.8ms)
Completed 200 OK in 81ms (Views: 77.8ms | ActiveRecord: 1.9ms)


Started POST "/gists" for 127.0.0.1 at 2014-04-01 15:44:57 +0200
Processing by GistsController#create as HTML
  Parameters: {"utf8"=>"✓", "authenticity_token"=>"ZRIg+ahvdCQL2InYE9tYd9qDLFPObOkRfhP9UmwyUtY=", "gist"=>{"snippet"=>"jakiś snippet", "lang"=>"c++", "description"=>"heh"}, "commit"=>"Create Gist"}
  [1m[36m (0.1ms)[0m  [1mbegin transaction[0m
  [1m[35mSQL (49.3ms)[0m  INSERT INTO "gists" ("created_at", "description", "lang", "snippet", "updated_at") VALUES (?, ?, ?, ?, ?)  [["created_at", Tue, 01 Apr 2014 13:44:57 UTC +00:00], ["description", "heh"], ["lang", "c++"], ["snippet", "jakiś snippet"], ["updated_at", Tue, 01 Apr 2014 13:44:57 UTC +00:00]]
  [1m[36m (46.7ms)[0m  [1mcommit transaction[0m
Redirected to http://localhost:3000/gists/1
Completed 302 Found in 102ms (ActiveRecord: 96.0ms)


Started GET "/gists/1" for 127.0.0.1 at 2014-04-01 15:44:58 +0200
Processing by GistsController#show as HTML
  Parameters: {"id"=>"1"}
  [1m[35mGist Load (0.1ms)[0m  SELECT "gists".* FROM "gists" WHERE "gists"."id" = ? LIMIT 1  [["id", "1"]]
  Rendered gists/show.html.erb within layouts/application (197.1ms)
Completed 200 OK in 207ms (Views: 200.9ms | ActiveRecord: 0.1ms)


Started GET "/gists/1/edit" for 127.0.0.1 at 2014-04-01 15:45:08 +0200
Processing by GistsController#edit as HTML
  Parameters: {"id"=>"1"}
  [1m[36mGist Load (0.2ms)[0m  [1mSELECT "gists".* FROM "gists" WHERE "gists"."id" = ? LIMIT 1[0m  [["id", "1"]]
  Rendered gists/_form.html.erb (7.7ms)
  Rendered gists/edit.html.erb within layouts/application (9.9ms)
Completed 200 OK in 17ms (Views: 15.5ms | ActiveRecord: 0.2ms)


Started GET "/gists" for 127.0.0.1 at 2014-04-01 15:45:13 +0200
Processing by GistsController#index as HTML
  [1m[35mGist Load (4.5ms)[0m  SELECT "gists".* FROM "gists"
  Rendered gists/index.html.erb within layouts/application (7.2ms)
Completed 200 OK in 15ms (Views: 9.3ms | ActiveRecord: 4.5ms)


Started GET "/gists/new" for 127.0.0.1 at 2014-04-01 15:45:14 +0200
Processing by GistsController#new as HTML
  Rendered gists/_form.html.erb (3.3ms)
  Rendered gists/new.html.erb within layouts/application (6.2ms)
Completed 200 OK in 11ms (Views: 10.0ms | ActiveRecord: 0.0ms)


Started POST "/gists" for 127.0.0.1 at 2014-04-01 15:45:30 +0200
Processing by GistsController#create as HTML
  Parameters: {"utf8"=>"✓", "authenticity_token"=>"ZRIg+ahvdCQL2InYE9tYd9qDLFPObOkRfhP9UmwyUtY=", "gist"=>{"snippet"=>"<html>kod</html>", "lang"=>"html", "description"=>"jkjhk"}, "commit"=>"Create Gist"}
  [1m[36m (0.1ms)[0m  [1mbegin transaction[0m
  [1m[35mSQL (0.4ms)[0m  INSERT INTO "gists" ("created_at", "description", "lang", "snippet", "updated_at") VALUES (?, ?, ?, ?, ?)  [["created_at", Tue, 01 Apr 2014 13:45:30 UTC +00:00], ["description", "jkjhk"], ["lang", "html"], ["snippet", "<html>kod</html>"], ["updated_at", Tue, 01 Apr 2014 13:45:30 UTC +00:00]]
  [1m[36m (86.8ms)[0m  [1mcommit transaction[0m
Redirected to http://localhost:3000/gists/2
Completed 302 Found in 95ms (ActiveRecord: 87.3ms)


Started GET "/gists/2" for 127.0.0.1 at 2014-04-01 15:45:31 +0200
Processing by GistsController#show as HTML
  Parameters: {"id"=>"2"}
  [1m[35mGist Load (0.2ms)[0m  SELECT "gists".* FROM "gists" WHERE "gists"."id" = ? LIMIT 1  [["id", "2"]]
  Rendered gists/show.html.erb within layouts/application (146.5ms)
Completed 200 OK in 155ms (Views: 150.9ms | ActiveRecord: 0.2ms)


Started GET "/gists" for 127.0.0.1 at 2014-04-01 15:45:34 +0200
Processing by GistsController#index as HTML
  [1m[36mGist Load (0.1ms)[0m  [1mSELECT "gists".* FROM "gists"[0m
  Rendered gists/index.html.erb within layouts/application (1.8ms)
Completed 200 OK in 6ms (Views: 5.1ms | ActiveRecord: 0.1ms)


Started GET "/gists" for 127.0.0.1 at 2014-04-01 15:48:40 +0200
Processing by GistsController#index as HTML
  [1m[35mGist Load (0.3ms)[0m  SELECT "gists".* FROM "gists"
  Rendered gists/index.html.erb within layouts/application (206.7ms)
Completed 200 OK in 212ms (Views: 210.6ms | ActiveRecord: 0.3ms)


Started GET "/gists" for 127.0.0.1 at 2014-04-01 15:48:52 +0200
Processing by GistsController#index as HTML
  [1m[36mGist Load (0.2ms)[0m  [1mSELECT "gists".* FROM "gists"[0m
  Rendered gists/index.html.erb within layouts/application (205.4ms)
Completed 200 OK in 210ms (Views: 209.1ms | ActiveRecord: 0.2ms)


Started GET "/gists/1/edit" for 127.0.0.1 at 2014-04-01 15:48:55 +0200
Processing by GistsController#edit as HTML
  Parameters: {"id"=>"1"}
  [1m[35mGist Load (0.2ms)[0m  SELECT "gists".* FROM "gists" WHERE "gists"."id" = ? LIMIT 1  [["id", "1"]]
  Rendered gists/_form.html.erb (6.0ms)
  Rendered gists/edit.html.erb within layouts/application (9.8ms)
Completed 200 OK in 18ms (Views: 14.6ms | ActiveRecord: 0.2ms)


Started PATCH "/gists/1" for 127.0.0.1 at 2014-04-01 15:49:10 +0200
Processing by GistsController#update as HTML
  Parameters: {"utf8"=>"✓", "authenticity_token"=>"ZRIg+ahvdCQL2InYE9tYd9qDLFPObOkRfhP9UmwyUtY=", "gist"=>{"snippet"=>"cout<<\"hello world\";", "lang"=>"c++", "description"=>"heh"}, "commit"=>"Update Gist", "id"=>"1"}
  [1m[36mGist Load (0.1ms)[0m  [1mSELECT "gists".* FROM "gists" WHERE "gists"."id" = ? LIMIT 1[0m  [["id", "1"]]
  [1m[35m (0.8ms)[0m  begin transaction
  [1m[36mSQL (0.4ms)[0m  [1mUPDATE "gists" SET "snippet" = ?, "updated_at" = ? WHERE "gists"."id" = 1[0m  [["snippet", "cout<<\"hello world\";"], ["updated_at", Tue, 01 Apr 2014 13:49:10 UTC +00:00]]
  [1m[35m (22.6ms)[0m  commit transaction
Redirected to http://localhost:3000/gists/1
Completed 302 Found in 36ms (ActiveRecord: 24.0ms)


Started GET "/gists/1" for 127.0.0.1 at 2014-04-01 15:49:10 +0200
Processing by GistsController#show as HTML
  Parameters: {"id"=>"1"}
  [1m[36mGist Load (0.2ms)[0m  [1mSELECT "gists".* FROM "gists" WHERE "gists"."id" = ? LIMIT 1[0m  [["id", "1"]]
  Rendered gists/show.html.erb within layouts/application (102.5ms)
Completed 200 OK in 109ms (Views: 106.1ms | ActiveRecord: 0.2ms)


Started GET "/gists" for 127.0.0.1 at 2014-04-01 15:49:13 +0200
Processing by GistsController#index as HTML
  [1m[35mGist Load (0.2ms)[0m  SELECT "gists".* FROM "gists"
  Rendered gists/index.html.erb within layouts/application (207.2ms)
Completed 200 OK in 261ms (Views: 218.0ms | ActiveRecord: 0.2ms)


Started GET "/" for 127.0.0.1 at 2014-04-01 18:12:35 +0200
  [1m[36mActiveRecord::SchemaMigration Load (0.2ms)[0m  [1mSELECT "schema_migrations".* FROM "schema_migrations"[0m
Processing by Rails::WelcomeController#index as HTML
  Rendered /var/lib/gems/1.9.1/gems/railties-4.0.4/lib/rails/templates/rails/welcome/index.html.erb (2.5ms)
Completed 200 OK in 62ms (Views: 31.2ms | ActiveRecord: 0.0ms)


Started GET "/gists" for 127.0.0.1 at 2014-04-01 18:12:39 +0200
Processing by GistsController#index as HTML
  [1m[35mGist Load (0.2ms)[0m  SELECT "gists".* FROM "gists"
  Rendered gists/index.html.erb within layouts/application (240.7ms)
Completed 500 Internal Server Error in 252ms

SyntaxError (/home/student/ASI/my_gists/app/views/layouts/application.html.erb:14: unknown regexp options - gthb):
  actionpack (4.0.4) lib/action_view/template.rb:299:in `module_eval'
  actionpack (4.0.4) lib/action_view/template.rb:299:in `compile'
  actionpack (4.0.4) lib/action_view/template.rb:248:in `block in compile!'
  <internal:prelude>:10:in `synchronize'
  actionpack (4.0.4) lib/action_view/template.rb:236:in `compile!'
  actionpack (4.0.4) lib/action_view/template.rb:142:in `block in render'
  activesupport (4.0.4) lib/active_support/notifications.rb:161:in `instrument'
  actionpack (4.0.4) lib/action_view/template.rb:141:in `render'
  actionpack (4.0.4) lib/action_view/renderer/template_renderer.rb:61:in `render_with_layout'
  actionpack (4.0.4) lib/action_view/renderer/template_renderer.rb:47:in `render_template'
  actionpack (4.0.4) lib/action_view/renderer/template_renderer.rb:17:in `render'
  actionpack (4.0.4) lib/action_view/renderer/renderer.rb:42:in `render_template'
  actionpack (4.0.4) lib/action_view/renderer/renderer.rb:23:in `render'
  actionpack (4.0.4) lib/abstract_controller/rendering.rb:127:in `_render_template'
  actionpack (4.0.4) lib/action_controller/metal/streaming.rb:219:in `_render_template'
  actionpack (4.0.4) lib/abstract_controller/rendering.rb:120:in `render_to_body'
  actionpack (4.0.4) lib/action_controller/metal/rendering.rb:33:in `render_to_body'
  actionpack (4.0.4) lib/action_controller/metal/renderers.rb:26:in `render_to_body'
  actionpack (4.0.4) lib/abstract_controller/rendering.rb:97:in `render'
  actionpack (4.0.4) lib/action_controller/metal/rendering.rb:16:in `render'
  actionpack (4.0.4) lib/action_controller/metal/instrumentation.rb:41:in `block (2 levels) in render'
  activesupport (4.0.4) lib/active_support/core_ext/benchmark.rb:12:in `block in ms'
  /usr/lib/ruby/1.9.1/benchmark.rb:295:in `realtime'
  activesupport (4.0.4) lib/active_support/core_ext/benchmark.rb:12:in `ms'
  actionpack (4.0.4) lib/action_controller/metal/instrumentation.rb:41:in `block in render'
  actionpack (4.0.4) lib/action_controller/metal/instrumentation.rb:84:in `cleanup_view_runtime'
  activerecord (4.0.4) lib/active_record/railties/controller_runtime.rb:25:in `cleanup_view_runtime'
  actionpack (4.0.4) lib/action_controller/metal/instrumentation.rb:40:in `render'
  actionpack (4.0.4) lib/action_controller/metal/implicit_render.rb:10:in `default_render'
  actionpack (4.0.4) lib/action_controller/metal/implicit_render.rb:5:in `send_action'
  actionpack (4.0.4) lib/abstract_controller/base.rb:189:in `process_action'
  actionpack (4.0.4) lib/action_controller/metal/rendering.rb:10:in `process_action'
  actionpack (4.0.4) lib/abstract_controller/callbacks.rb:18:in `block in process_action'
  activesupport (4.0.4) lib/active_support/callbacks.rb:413:in `_run__103764722__process_action__callbacks'
  activesupport (4.0.4) lib/active_support/callbacks.rb:80:in `run_callbacks'
  actionpack (4.0.4) lib/abstract_controller/callbacks.rb:17:in `process_action'
  actionpack (4.0.4) lib/action_controller/metal/rescue.rb:29:in `process_action'
  actionpack (4.0.4) lib/action_controller/metal/instrumentation.rb:31:in `block in process_action'
  activesupport (4.0.4) lib/active_support/notifications.rb:159:in `block in instrument'
  activesupport (4.0.4) lib/active_support/notifications/instrumenter.rb:20:in `instrument'
  activesupport (4.0.4) lib/active_support/notifications.rb:159:in `instrument'
  actionpack (4.0.4) lib/action_controller/metal/instrumentation.rb:30:in `process_action'
  actionpack (4.0.4) lib/action_controller/metal/params_wrapper.rb:250:in `process_action'
  activerecord (4.0.4) lib/active_record/railties/controller_runtime.rb:18:in `process_action'
  actionpack (4.0.4) lib/abstract_controller/base.rb:136:in `process'
  actionpack (4.0.4) lib/abstract_controller/rendering.rb:44:in `process'
  actionpack (4.0.4) lib/action_controller/metal.rb:195:in `dispatch'
  actionpack (4.0.4) lib/action_controller/metal/rack_delegation.rb:13:in `dispatch'
  actionpack (4.0.4) lib/action_controller/metal.rb:231:in `block in action'
  actionpack (4.0.4) lib/action_dispatch/routing/route_set.rb:80:in `call'
  actionpack (4.0.4) lib/action_dispatch/routing/route_set.rb:80:in `dispatch'
  actionpack (4.0.4) lib/action_dispatch/routing/route_set.rb:48:in `call'
  actionpack (4.0.4) lib/action_dispatch/journey/router.rb:71:in `block in call'
  actionpack (4.0.4) lib/action_dispatch/journey/router.rb:59:in `each'
  actionpack (4.0.4) lib/action_dispatch/journey/router.rb:59:in `call'
  actionpack (4.0.4) lib/action_dispatch/routing/route_set.rb:674:in `call'
  /usr/lib/ruby/vendor_ruby/rack/etag.rb:23:in `call'
  /usr/lib/ruby/vendor_ruby/rack/conditionalget.rb:25:in `call'
  /usr/lib/ruby/vendor_ruby/rack/head.rb:11:in `call'
  actionpack (4.0.4) lib/action_dispatch/middleware/params_parser.rb:27:in `call'
  actionpack (4.0.4) lib/action_dispatch/middleware/flash.rb:241:in `call'
  /usr/lib/ruby/vendor_ruby/rack/session/abstract/id.rb:225:in `context'
  /usr/lib/ruby/vendor_ruby/rack/session/abstract/id.rb:220:in `call'
  actionpack (4.0.4) lib/action_dispatch/middleware/cookies.rb:486:in `call'
  activerecord (4.0.4) lib/active_record/query_cache.rb:36:in `call'
  activerecord (4.0.4) lib/active_record/connection_adapters/abstract/connection_pool.rb:626:in `call'
  activerecord (4.0.4) lib/active_record/migration.rb:373:in `call'
  actionpack (4.0.4) lib/action_dispatch/middleware/callbacks.rb:29:in `block in call'
  activesupport (4.0.4) lib/active_support/callbacks.rb:373:in `_run__607241703__call__callbacks'
  activesupport (4.0.4) lib/active_support/callbacks.rb:80:in `run_callbacks'
  actionpack (4.0.4) lib/action_dispatch/middleware/callbacks.rb:27:in `call'
  actionpack (4.0.4) lib/action_dispatch/middleware/reloader.rb:64:in `call'
  actionpack (4.0.4) lib/action_dispatch/middleware/remote_ip.rb:76:in `call'
  actionpack (4.0.4) lib/action_dispatch/middleware/debug_exceptions.rb:17:in `call'
  actionpack (4.0.4) lib/action_dispatch/middleware/show_exceptions.rb:30:in `call'
  railties (4.0.4) lib/rails/rack/logger.rb:38:in `call_app'
  railties (4.0.4) lib/rails/rack/logger.rb:20:in `block in call'
  activesupport (4.0.4) lib/active_support/tagged_logging.rb:68:in `block in tagged'
  activesupport (4.0.4) lib/active_support/tagged_logging.rb:26:in `tagged'
  activesupport (4.0.4) lib/active_support/tagged_logging.rb:68:in `tagged'
  railties (4.0.4) lib/rails/rack/logger.rb:20:in `call'
  quiet_assets (1.0.2) lib/quiet_assets.rb:18:in `call_with_quiet_assets'
  actionpack (4.0.4) lib/action_dispatch/middleware/request_id.rb:21:in `call'
  /usr/lib/ruby/vendor_ruby/rack/methodoverride.rb:21:in `call'
  /usr/lib/ruby/vendor_ruby/rack/runtime.rb:17:in `call'
  activesupport (4.0.4) lib/active_support/cache/strategy/local_cache.rb:83:in `call'
  /usr/lib/ruby/vendor_ruby/rack/lock.rb:17:in `call'
  actionpack (4.0.4) lib/action_dispatch/middleware/static.rb:64:in `call'
  /usr/lib/ruby/vendor_ruby/rack/sendfile.rb:112:in `call'
  railties (4.0.4) lib/rails/engine.rb:511:in `call'
  railties (4.0.4) lib/rails/application.rb:97:in `call'
  /usr/lib/ruby/vendor_ruby/rack/lock.rb:17:in `call'
  /usr/lib/ruby/vendor_ruby/rack/content_length.rb:14:in `call'
  /usr/lib/ruby/vendor_ruby/rack/handler/webrick.rb:60:in `service'
  /usr/lib/ruby/1.9.1/webrick/httpserver.rb:138:in `service'
  /usr/lib/ruby/1.9.1/webrick/httpserver.rb:94:in `run'
  /usr/lib/ruby/1.9.1/webrick/server.rb:191:in `block in start_thread'


  Rendered /var/lib/gems/1.9.1/gems/actionpack-4.0.4/lib/action_dispatch/middleware/templates/rescues/_source.erb (0.9ms)
  Rendered /var/lib/gems/1.9.1/gems/actionpack-4.0.4/lib/action_dispatch/middleware/templates/rescues/_trace.erb (2.3ms)
  Rendered /var/lib/gems/1.9.1/gems/actionpack-4.0.4/lib/action_dispatch/middleware/templates/rescues/_request_and_response.erb (1.2ms)
  Rendered /var/lib/gems/1.9.1/gems/actionpack-4.0.4/lib/action_dispatch/middleware/templates/rescues/diagnostics.erb within rescues/layout (20.9ms)


Started GET "/gists" for 127.0.0.1 at 2014-04-01 18:18:22 +0200
Processing by GistsController#index as HTML
  [1m[36mGist Load (0.4ms)[0m  [1mSELECT "gists".* FROM "gists"[0m
  Rendered gists/index.html.erb within layouts/application (207.4ms)
Completed 500 Internal Server Error in 210ms

SyntaxError (/home/student/ASI/my_gists/app/views/layouts/application.html.erb:13: unknown regexp options - pk
/home/student/ASI/my_gists/app/views/layouts/application.html.erb:14: unknown regexp options - gthb):
  actionpack (4.0.4) lib/action_view/template.rb:299:in `module_eval'
  actionpack (4.0.4) lib/action_view/template.rb:299:in `compile'
  actionpack (4.0.4) lib/action_view/template.rb:248:in `block in compile!'
  <internal:prelude>:10:in `synchronize'
  actionpack (4.0.4) lib/action_view/template.rb:236:in `compile!'
  actionpack (4.0.4) lib/action_view/template.rb:142:in `block in render'
  activesupport (4.0.4) lib/active_support/notifications.rb:161:in `instrument'
  actionpack (4.0.4) lib/action_view/template.rb:141:in `render'
  actionpack (4.0.4) lib/action_view/renderer/template_renderer.rb:61:in `render_with_layout'
  actionpack (4.0.4) lib/action_view/renderer/template_renderer.rb:47:in `render_template'
  actionpack (4.0.4) lib/action_view/renderer/template_renderer.rb:17:in `render'
  actionpack (4.0.4) lib/action_view/renderer/renderer.rb:42:in `render_template'
  actionpack (4.0.4) lib/action_view/renderer/renderer.rb:23:in `render'
  actionpack (4.0.4) lib/abstract_controller/rendering.rb:127:in `_render_template'
  actionpack (4.0.4) lib/action_controller/metal/streaming.rb:219:in `_render_template'
  actionpack (4.0.4) lib/abstract_controller/rendering.rb:120:in `render_to_body'
  actionpack (4.0.4) lib/action_controller/metal/rendering.rb:33:in `render_to_body'
  actionpack (4.0.4) lib/action_controller/metal/renderers.rb:26:in `render_to_body'
  actionpack (4.0.4) lib/abstract_controller/rendering.rb:97:in `render'
  actionpack (4.0.4) lib/action_controller/metal/rendering.rb:16:in `render'
  actionpack (4.0.4) lib/action_controller/metal/instrumentation.rb:41:in `block (2 levels) in render'
  activesupport (4.0.4) lib/active_support/core_ext/benchmark.rb:12:in `block in ms'
  /usr/lib/ruby/1.9.1/benchmark.rb:295:in `realtime'
  activesupport (4.0.4) lib/active_support/core_ext/benchmark.rb:12:in `ms'
  actionpack (4.0.4) lib/action_controller/metal/instrumentation.rb:41:in `block in render'
  actionpack (4.0.4) lib/action_controller/metal/instrumentation.rb:84:in `cleanup_view_runtime'
  activerecord (4.0.4) lib/active_record/railties/controller_runtime.rb:25:in `cleanup_view_runtime'
  actionpack (4.0.4) lib/action_controller/metal/instrumentation.rb:40:in `render'
  actionpack (4.0.4) lib/action_controller/metal/implicit_render.rb:10:in `default_render'
  actionpack (4.0.4) lib/action_controller/metal/implicit_render.rb:5:in `send_action'
  actionpack (4.0.4) lib/abstract_controller/base.rb:189:in `process_action'
  actionpack (4.0.4) lib/action_controller/metal/rendering.rb:10:in `process_action'
  actionpack (4.0.4) lib/abstract_controller/callbacks.rb:18:in `block in process_action'
  activesupport (4.0.4) lib/active_support/callbacks.rb:413:in `_run__103764722__process_action__callbacks'
  activesupport (4.0.4) lib/active_support/callbacks.rb:80:in `run_callbacks'
  actionpack (4.0.4) lib/abstract_controller/callbacks.rb:17:in `process_action'
  actionpack (4.0.4) lib/action_controller/metal/rescue.rb:29:in `process_action'
  actionpack (4.0.4) lib/action_controller/metal/instrumentation.rb:31:in `block in process_action'
  activesupport (4.0.4) lib/active_support/notifications.rb:159:in `block in instrument'
  activesupport (4.0.4) lib/active_support/notifications/instrumenter.rb:20:in `instrument'
  activesupport (4.0.4) lib/active_support/notifications.rb:159:in `instrument'
  actionpack (4.0.4) lib/action_controller/metal/instrumentation.rb:30:in `process_action'
  actionpack (4.0.4) lib/action_controller/metal/params_wrapper.rb:250:in `process_action'
  activerecord (4.0.4) lib/active_record/railties/controller_runtime.rb:18:in `process_action'
  actionpack (4.0.4) lib/abstract_controller/base.rb:136:in `process'
  actionpack (4.0.4) lib/abstract_controller/rendering.rb:44:in `process'
  actionpack (4.0.4) lib/action_controller/metal.rb:195:in `dispatch'
  actionpack (4.0.4) lib/action_controller/metal/rack_delegation.rb:13:in `dispatch'
  actionpack (4.0.4) lib/action_controller/metal.rb:231:in `block in action'
  actionpack (4.0.4) lib/action_dispatch/routing/route_set.rb:80:in `call'
  actionpack (4.0.4) lib/action_dispatch/routing/route_set.rb:80:in `dispatch'
  actionpack (4.0.4) lib/action_dispatch/routing/route_set.rb:48:in `call'
  actionpack (4.0.4) lib/action_dispatch/journey/router.rb:71:in `block in call'
  actionpack (4.0.4) lib/action_dispatch/journey/router.rb:59:in `each'
  actionpack (4.0.4) lib/action_dispatch/journey/router.rb:59:in `call'
  actionpack (4.0.4) lib/action_dispatch/routing/route_set.rb:674:in `call'
  /usr/lib/ruby/vendor_ruby/rack/etag.rb:23:in `call'
  /usr/lib/ruby/vendor_ruby/rack/conditionalget.rb:25:in `call'
  /usr/lib/ruby/vendor_ruby/rack/head.rb:11:in `call'
  actionpack (4.0.4) lib/action_dispatch/middleware/params_parser.rb:27:in `call'
  actionpack (4.0.4) lib/action_dispatch/middleware/flash.rb:241:in `call'
  /usr/lib/ruby/vendor_ruby/rack/session/abstract/id.rb:225:in `context'
  /usr/lib/ruby/vendor_ruby/rack/session/abstract/id.rb:220:in `call'
  actionpack (4.0.4) lib/action_dispatch/middleware/cookies.rb:486:in `call'
  activerecord (4.0.4) lib/active_record/query_cache.rb:36:in `call'
  activerecord (4.0.4) lib/active_record/connection_adapters/abstract/connection_pool.rb:626:in `call'
  activerecord (4.0.4) lib/active_record/migration.rb:373:in `call'
  actionpack (4.0.4) lib/action_dispatch/middleware/callbacks.rb:29:in `block in call'
  activesupport (4.0.4) lib/active_support/callbacks.rb:373:in `_run__607241703__call__callbacks'
  activesupport (4.0.4) lib/active_support/callbacks.rb:80:in `run_callbacks'
  actionpack (4.0.4) lib/action_dispatch/middleware/callbacks.rb:27:in `call'
  actionpack (4.0.4) lib/action_dispatch/middleware/reloader.rb:64:in `call'
  actionpack (4.0.4) lib/action_dispatch/middleware/remote_ip.rb:76:in `call'
  actionpack (4.0.4) lib/action_dispatch/middleware/debug_exceptions.rb:17:in `call'
  actionpack (4.0.4) lib/action_dispatch/middleware/show_exceptions.rb:30:in `call'
  railties (4.0.4) lib/rails/rack/logger.rb:38:in `call_app'
  railties (4.0.4) lib/rails/rack/logger.rb:20:in `block in call'
  activesupport (4.0.4) lib/active_support/tagged_logging.rb:68:in `block in tagged'
  activesupport (4.0.4) lib/active_support/tagged_logging.rb:26:in `tagged'
  activesupport (4.0.4) lib/active_support/tagged_logging.rb:68:in `tagged'
  railties (4.0.4) lib/rails/rack/logger.rb:20:in `call'
  quiet_assets (1.0.2) lib/quiet_assets.rb:18:in `call_with_quiet_assets'
  actionpack (4.0.4) lib/action_dispatch/middleware/request_id.rb:21:in `call'
  /usr/lib/ruby/vendor_ruby/rack/methodoverride.rb:21:in `call'
  /usr/lib/ruby/vendor_ruby/rack/runtime.rb:17:in `call'
  activesupport (4.0.4) lib/active_support/cache/strategy/local_cache.rb:83:in `call'
  /usr/lib/ruby/vendor_ruby/rack/lock.rb:17:in `call'
  actionpack (4.0.4) lib/action_dispatch/middleware/static.rb:64:in `call'
  /usr/lib/ruby/vendor_ruby/rack/sendfile.rb:112:in `call'
  railties (4.0.4) lib/rails/engine.rb:511:in `call'
  railties (4.0.4) lib/rails/application.rb:97:in `call'
  /usr/lib/ruby/vendor_ruby/rack/lock.rb:17:in `call'
  /usr/lib/ruby/vendor_ruby/rack/content_length.rb:14:in `call'
  /usr/lib/ruby/vendor_ruby/rack/handler/webrick.rb:60:in `service'
  /usr/lib/ruby/1.9.1/webrick/httpserver.rb:138:in `service'
  /usr/lib/ruby/1.9.1/webrick/httpserver.rb:94:in `run'
  /usr/lib/ruby/1.9.1/webrick/server.rb:191:in `block in start_thread'


  Rendered /var/lib/gems/1.9.1/gems/actionpack-4.0.4/lib/action_dispatch/middleware/templates/rescues/_source.erb (1.6ms)
  Rendered /var/lib/gems/1.9.1/gems/actionpack-4.0.4/lib/action_dispatch/middleware/templates/rescues/_trace.erb (1.5ms)
  Rendered /var/lib/gems/1.9.1/gems/actionpack-4.0.4/lib/action_dispatch/middleware/templates/rescues/_request_and_response.erb (1.0ms)
  Rendered /var/lib/gems/1.9.1/gems/actionpack-4.0.4/lib/action_dispatch/middleware/templates/rescues/diagnostics.erb within rescues/layout (17.7ms)


Started GET "/gists" for 127.0.0.1 at 2014-04-01 18:22:11 +0200
Processing by GistsController#index as HTML
  [1m[35mGist Load (0.4ms)[0m  SELECT "gists".* FROM "gists"
  Rendered gists/index.html.erb within layouts/application (206.9ms)
Completed 500 Internal Server Error in 212ms

SyntaxError (/home/student/ASI/my_gists/app/views/layouts/application.html.erb:13: unknown regexp options - pk
/home/student/ASI/my_gists/app/views/layouts/application.html.erb:14: unknown regexp options - gthb):
  actionpack (4.0.4) lib/action_view/template.rb:299:in `module_eval'
  actionpack (4.0.4) lib/action_view/template.rb:299:in `compile'
  actionpack (4.0.4) lib/action_view/template.rb:248:in `block in compile!'
  <internal:prelude>:10:in `synchronize'
  actionpack (4.0.4) lib/action_view/template.rb:236:in `compile!'
  actionpack (4.0.4) lib/action_view/template.rb:142:in `block in render'
  activesupport (4.0.4) lib/active_support/notifications.rb:161:in `instrument'
  actionpack (4.0.4) lib/action_view/template.rb:141:in `render'
  actionpack (4.0.4) lib/action_view/renderer/template_renderer.rb:61:in `render_with_layout'
  actionpack (4.0.4) lib/action_view/renderer/template_renderer.rb:47:in `render_template'
  actionpack (4.0.4) lib/action_view/renderer/template_renderer.rb:17:in `render'
  actionpack (4.0.4) lib/action_view/renderer/renderer.rb:42:in `render_template'
  actionpack (4.0.4) lib/action_view/renderer/renderer.rb:23:in `render'
  actionpack (4.0.4) lib/abstract_controller/rendering.rb:127:in `_render_template'
  actionpack (4.0.4) lib/action_controller/metal/streaming.rb:219:in `_render_template'
  actionpack (4.0.4) lib/abstract_controller/rendering.rb:120:in `render_to_body'
  actionpack (4.0.4) lib/action_controller/metal/rendering.rb:33:in `render_to_body'
  actionpack (4.0.4) lib/action_controller/metal/renderers.rb:26:in `render_to_body'
  actionpack (4.0.4) lib/abstract_controller/rendering.rb:97:in `render'
  actionpack (4.0.4) lib/action_controller/metal/rendering.rb:16:in `render'
  actionpack (4.0.4) lib/action_controller/metal/instrumentation.rb:41:in `block (2 levels) in render'
  activesupport (4.0.4) lib/active_support/core_ext/benchmark.rb:12:in `block in ms'
  /usr/lib/ruby/1.9.1/benchmark.rb:295:in `realtime'
  activesupport (4.0.4) lib/active_support/core_ext/benchmark.rb:12:in `ms'
  actionpack (4.0.4) lib/action_controller/metal/instrumentation.rb:41:in `block in render'
  actionpack (4.0.4) lib/action_controller/metal/instrumentation.rb:84:in `cleanup_view_runtime'
  activerecord (4.0.4) lib/active_record/railties/controller_runtime.rb:25:in `cleanup_view_runtime'
  actionpack (4.0.4) lib/action_controller/metal/instrumentation.rb:40:in `render'
  actionpack (4.0.4) lib/action_controller/metal/implicit_render.rb:10:in `default_render'
  actionpack (4.0.4) lib/action_controller/metal/implicit_render.rb:5:in `send_action'
  actionpack (4.0.4) lib/abstract_controller/base.rb:189:in `process_action'
  actionpack (4.0.4) lib/action_controller/metal/rendering.rb:10:in `process_action'
  actionpack (4.0.4) lib/abstract_controller/callbacks.rb:18:in `block in process_action'
  activesupport (4.0.4) lib/active_support/callbacks.rb:413:in `_run__103764722__process_action__callbacks'
  activesupport (4.0.4) lib/active_support/callbacks.rb:80:in `run_callbacks'
  actionpack (4.0.4) lib/abstract_controller/callbacks.rb:17:in `process_action'
  actionpack (4.0.4) lib/action_controller/metal/rescue.rb:29:in `process_action'
  actionpack (4.0.4) lib/action_controller/metal/instrumentation.rb:31:in `block in process_action'
  activesupport (4.0.4) lib/active_support/notifications.rb:159:in `block in instrument'
  activesupport (4.0.4) lib/active_support/notifications/instrumenter.rb:20:in `instrument'
  activesupport (4.0.4) lib/active_support/notifications.rb:159:in `instrument'
  actionpack (4.0.4) lib/action_controller/metal/instrumentation.rb:30:in `process_action'
  actionpack (4.0.4) lib/action_controller/metal/params_wrapper.rb:250:in `process_action'
  activerecord (4.0.4) lib/active_record/railties/controller_runtime.rb:18:in `process_action'
  actionpack (4.0.4) lib/abstract_controller/base.rb:136:in `process'
  actionpack (4.0.4) lib/abstract_controller/rendering.rb:44:in `process'
  actionpack (4.0.4) lib/action_controller/metal.rb:195:in `dispatch'
  actionpack (4.0.4) lib/action_controller/metal/rack_delegation.rb:13:in `dispatch'
  actionpack (4.0.4) lib/action_controller/metal.rb:231:in `block in action'
  actionpack (4.0.4) lib/action_dispatch/routing/route_set.rb:80:in `call'
  actionpack (4.0.4) lib/action_dispatch/routing/route_set.rb:80:in `dispatch'
  actionpack (4.0.4) lib/action_dispatch/routing/route_set.rb:48:in `call'
  actionpack (4.0.4) lib/action_dispatch/journey/router.rb:71:in `block in call'
  actionpack (4.0.4) lib/action_dispatch/journey/router.rb:59:in `each'
  actionpack (4.0.4) lib/action_dispatch/journey/router.rb:59:in `call'
  actionpack (4.0.4) lib/action_dispatch/routing/route_set.rb:674:in `call'
  /usr/lib/ruby/vendor_ruby/rack/etag.rb:23:in `call'
  /usr/lib/ruby/vendor_ruby/rack/conditionalget.rb:25:in `call'
  /usr/lib/ruby/vendor_ruby/rack/head.rb:11:in `call'
  actionpack (4.0.4) lib/action_dispatch/middleware/params_parser.rb:27:in `call'
  actionpack (4.0.4) lib/action_dispatch/middleware/flash.rb:241:in `call'
  /usr/lib/ruby/vendor_ruby/rack/session/abstract/id.rb:225:in `context'
  /usr/lib/ruby/vendor_ruby/rack/session/abstract/id.rb:220:in `call'
  actionpack (4.0.4) lib/action_dispatch/middleware/cookies.rb:486:in `call'
  activerecord (4.0.4) lib/active_record/query_cache.rb:36:in `call'
  activerecord (4.0.4) lib/active_record/connection_adapters/abstract/connection_pool.rb:626:in `call'
  activerecord (4.0.4) lib/active_record/migration.rb:373:in `call'
  actionpack (4.0.4) lib/action_dispatch/middleware/callbacks.rb:29:in `block in call'
  activesupport (4.0.4) lib/active_support/callbacks.rb:373:in `_run__607241703__call__callbacks'
  activesupport (4.0.4) lib/active_support/callbacks.rb:80:in `run_callbacks'
  actionpack (4.0.4) lib/action_dispatch/middleware/callbacks.rb:27:in `call'
  actionpack (4.0.4) lib/action_dispatch/middleware/reloader.rb:64:in `call'
  actionpack (4.0.4) lib/action_dispatch/middleware/remote_ip.rb:76:in `call'
  actionpack (4.0.4) lib/action_dispatch/middleware/debug_exceptions.rb:17:in `call'
  actionpack (4.0.4) lib/action_dispatch/middleware/show_exceptions.rb:30:in `call'
  railties (4.0.4) lib/rails/rack/logger.rb:38:in `call_app'
  railties (4.0.4) lib/rails/rack/logger.rb:20:in `block in call'
  activesupport (4.0.4) lib/active_support/tagged_logging.rb:68:in `block in tagged'
  activesupport (4.0.4) lib/active_support/tagged_logging.rb:26:in `tagged'
  activesupport (4.0.4) lib/active_support/tagged_logging.rb:68:in `tagged'
  railties (4.0.4) lib/rails/rack/logger.rb:20:in `call'
  quiet_assets (1.0.2) lib/quiet_assets.rb:18:in `call_with_quiet_assets'
  actionpack (4.0.4) lib/action_dispatch/middleware/request_id.rb:21:in `call'
  /usr/lib/ruby/vendor_ruby/rack/methodoverride.rb:21:in `call'
  /usr/lib/ruby/vendor_ruby/rack/runtime.rb:17:in `call'
  activesupport (4.0.4) lib/active_support/cache/strategy/local_cache.rb:83:in `call'
  /usr/lib/ruby/vendor_ruby/rack/lock.rb:17:in `call'
  actionpack (4.0.4) lib/action_dispatch/middleware/static.rb:64:in `call'
  /usr/lib/ruby/vendor_ruby/rack/sendfile.rb:112:in `call'
  railties (4.0.4) lib/rails/engine.rb:511:in `call'
  railties (4.0.4) lib/rails/application.rb:97:in `call'
  /usr/lib/ruby/vendor_ruby/rack/lock.rb:17:in `call'
  /usr/lib/ruby/vendor_ruby/rack/content_length.rb:14:in `call'
  /usr/lib/ruby/vendor_ruby/rack/handler/webrick.rb:60:in `service'
  /usr/lib/ruby/1.9.1/webrick/httpserver.rb:138:in `service'
  /usr/lib/ruby/1.9.1/webrick/httpserver.rb:94:in `run'
  /usr/lib/ruby/1.9.1/webrick/server.rb:191:in `block in start_thread'


  Rendered /var/lib/gems/1.9.1/gems/actionpack-4.0.4/lib/action_dispatch/middleware/templates/rescues/_source.erb (2.9ms)
  Rendered /var/lib/gems/1.9.1/gems/actionpack-4.0.4/lib/action_dispatch/middleware/templates/rescues/_trace.erb (1.4ms)
  Rendered /var/lib/gems/1.9.1/gems/actionpack-4.0.4/lib/action_dispatch/middleware/templates/rescues/_request_and_response.erb (1.0ms)
  Rendered /var/lib/gems/1.9.1/gems/actionpack-4.0.4/lib/action_dispatch/middleware/templates/rescues/diagnostics.erb within rescues/layout (19.3ms)


Started GET "/gists" for 127.0.0.1 at 2014-04-01 18:25:21 +0200
Processing by GistsController#index as HTML
  [1m[36mGist Load (0.4ms)[0m  [1mSELECT "gists".* FROM "gists"[0m
  Rendered gists/index.html.erb within layouts/application (205.4ms)
Completed 200 OK in 2448ms (Views: 2447.2ms | ActiveRecord: 0.4ms)


Started GET "/gists" for 127.0.0.1 at 2014-04-01 18:25:49 +0200
Processing by GistsController#index as HTML
  [1m[35mGist Load (0.2ms)[0m  SELECT "gists".* FROM "gists"
  Rendered gists/index.html.erb within layouts/application (207.0ms)
Completed 200 OK in 211ms (Views: 210.0ms | ActiveRecord: 0.2ms)


Started GET "/gists" for 127.0.0.1 at 2014-04-01 18:25:50 +0200
Processing by GistsController#index as HTML
  [1m[36mGist Load (0.1ms)[0m  [1mSELECT "gists".* FROM "gists"[0m
  Rendered gists/index.html.erb within layouts/application (205.3ms)
Completed 200 OK in 212ms (Views: 211.5ms | ActiveRecord: 0.1ms)


Started GET "/gists" for 127.0.0.1 at 2014-04-01 18:25:51 +0200
Processing by GistsController#index as HTML
  [1m[35mGist Load (0.2ms)[0m  SELECT "gists".* FROM "gists"
  Rendered gists/index.html.erb within layouts/application (208.5ms)
Completed 200 OK in 212ms (Views: 211.2ms | ActiveRecord: 0.2ms)


Started GET "/gists" for 127.0.0.1 at 2014-04-01 18:25:51 +0200
Processing by GistsController#index as HTML
  [1m[36mGist Load (0.2ms)[0m  [1mSELECT "gists".* FROM "gists"[0m
  Rendered gists/index.html.erb within layouts/application (207.9ms)
Completed 200 OK in 217ms (Views: 215.8ms | ActiveRecord: 0.2ms)


Started GET "/gists" for 127.0.0.1 at 2014-04-01 18:25:51 +0200
Processing by GistsController#index as HTML
  [1m[35mGist Load (0.1ms)[0m  SELECT "gists".* FROM "gists"
  Rendered gists/index.html.erb within layouts/application (207.2ms)
Completed 200 OK in 211ms (Views: 210.4ms | ActiveRecord: 0.1ms)


Started GET "/gists" for 127.0.0.1 at 2014-04-01 18:25:51 +0200
Processing by GistsController#index as HTML
  [1m[36mGist Load (0.2ms)[0m  [1mSELECT "gists".* FROM "gists"[0m
  Rendered gists/index.html.erb within layouts/application (206.9ms)
Completed 200 OK in 211ms (Views: 210.3ms | ActiveRecord: 0.2ms)


Started GET "/gists" for 127.0.0.1 at 2014-04-01 18:25:52 +0200
Processing by GistsController#index as HTML
  [1m[35mGist Load (0.2ms)[0m  SELECT "gists".* FROM "gists"
  Rendered gists/index.html.erb within layouts/application (205.6ms)
Completed 200 OK in 209ms (Views: 208.5ms | ActiveRecord: 0.2ms)


Started GET "/gists" for 127.0.0.1 at 2014-04-01 18:25:52 +0200
Processing by GistsController#index as HTML
  [1m[36mGist Load (0.2ms)[0m  [1mSELECT "gists".* FROM "gists"[0m
  Rendered gists/index.html.erb within layouts/application (207.2ms)
Completed 200 OK in 211ms (Views: 210.0ms | ActiveRecord: 0.2ms)


Started GET "/gists" for 127.0.0.1 at 2014-04-01 18:25:52 +0200
Processing by GistsController#index as HTML
  [1m[35mGist Load (0.2ms)[0m  SELECT "gists".* FROM "gists"
  Rendered gists/index.html.erb within layouts/application (206.0ms)
Completed 200 OK in 210ms (Views: 209.0ms | ActiveRecord: 0.2ms)


Started GET "/gists" for 127.0.0.1 at 2014-04-01 18:25:52 +0200
Processing by GistsController#index as HTML
  [1m[36mGist Load (0.1ms)[0m  [1mSELECT "gists".* FROM "gists"[0m
  Rendered gists/index.html.erb within layouts/application (206.8ms)
Completed 200 OK in 211ms (Views: 209.9ms | ActiveRecord: 0.1ms)


Started GET "/gists" for 127.0.0.1 at 2014-04-01 18:25:52 +0200
Processing by GistsController#index as HTML
  [1m[35mGist Load (0.2ms)[0m  SELECT "gists".* FROM "gists"
  Rendered gists/index.html.erb within layouts/application (208.0ms)
Completed 200 OK in 212ms (Views: 211.4ms | ActiveRecord: 0.2ms)


Started GET "/gists" for 127.0.0.1 at 2014-04-01 18:25:53 +0200
Processing by GistsController#index as HTML
  [1m[36mGist Load (0.2ms)[0m  [1mSELECT "gists".* FROM "gists"[0m
  Rendered gists/index.html.erb within layouts/application (207.9ms)
Completed 200 OK in 212ms (Views: 211.3ms | ActiveRecord: 0.2ms)


Started GET "/gists" for 127.0.0.1 at 2014-04-01 18:26:22 +0200
Processing by GistsController#index as HTML
  [1m[35mGist Load (0.2ms)[0m  SELECT "gists".* FROM "gists"
  Rendered gists/index.html.erb within layouts/application (207.7ms)
Completed 200 OK in 214ms (Views: 212.8ms | ActiveRecord: 0.2ms)


Started GET "/gists" for 127.0.0.1 at 2014-04-01 18:26:25 +0200
Processing by GistsController#index as HTML
  [1m[36mGist Load (0.2ms)[0m  [1mSELECT "gists".* FROM "gists"[0m
  Rendered gists/index.html.erb within layouts/application (206.7ms)
Completed 200 OK in 211ms (Views: 210.4ms | ActiveRecord: 0.2ms)


Started GET "/gists" for 127.0.0.1 at 2014-04-01 18:38:11 +0200
Processing by GistsController#index as HTML
  [1m[35mGist Load (0.2ms)[0m  SELECT "gists".* FROM "gists"
  Rendered gists/index.html.erb within layouts/application (208.7ms)
Completed 200 OK in 213ms (Views: 212.1ms | ActiveRecord: 0.2ms)


Started GET "/gists/new" for 127.0.0.1 at 2014-04-01 18:38:14 +0200
Processing by GistsController#new as HTML
  Rendered gists/_form.html.erb (56.9ms)
  Rendered gists/new.html.erb within layouts/application (75.4ms)
Completed 200 OK in 83ms (Views: 81.9ms | ActiveRecord: 0.0ms)


Started GET "/gists" for 127.0.0.1 at 2014-04-02 13:13:08 +0200
  [1m[36mActiveRecord::SchemaMigration Load (0.2ms)[0m  [1mSELECT "schema_migrations".* FROM "schema_migrations"[0m
Processing by GistsController#index as HTML
  [1m[35mGist Load (0.2ms)[0m  SELECT "gists".* FROM "gists"
  Rendered gists/index.html.erb within layouts/application (243.6ms)
Completed 200 OK in 487ms (Views: 451.2ms | ActiveRecord: 0.6ms)


Started GET "/gists" for 127.0.0.1 at 2014-04-02 13:13:18 +0200
Processing by GistsController#index as HTML
  [1m[36mGist Load (0.2ms)[0m  [1mSELECT "gists".* FROM "gists"[0m
  Rendered gists/index.html.erb within layouts/application (209.7ms)
Completed 200 OK in 226ms (Views: 224.2ms | ActiveRecord: 0.2ms)


Started GET "/gists" for 127.0.0.1 at 2014-04-02 13:13:20 +0200
Processing by GistsController#index as HTML
  [1m[35mGist Load (0.7ms)[0m  SELECT "gists".* FROM "gists"
  Rendered gists/index.html.erb within layouts/application (206.5ms)
Completed 200 OK in 215ms (Views: 213.6ms | ActiveRecord: 0.7ms)


Started GET "/gists" for 127.0.0.1 at 2014-04-02 13:13:21 +0200
Processing by GistsController#index as HTML
  [1m[36mGist Load (0.2ms)[0m  [1mSELECT "gists".* FROM "gists"[0m
  Rendered gists/index.html.erb within layouts/application (205.6ms)
Completed 200 OK in 215ms (Views: 214.5ms | ActiveRecord: 0.2ms)


Started GET "/gists" for 127.0.0.1 at 2014-04-02 13:13:22 +0200
Processing by GistsController#index as HTML
  [1m[35mGist Load (0.2ms)[0m  SELECT "gists".* FROM "gists"
  Rendered gists/index.html.erb within layouts/application (212.6ms)
Completed 200 OK in 222ms (Views: 221.1ms | ActiveRecord: 0.2ms)


Started GET "/gists" for 127.0.0.1 at 2014-04-02 13:13:24 +0200
Processing by GistsController#index as HTML
  [1m[36mGist Load (0.2ms)[0m  [1mSELECT "gists".* FROM "gists"[0m
  Rendered gists/index.html.erb within layouts/application (207.0ms)
Completed 200 OK in 219ms (Views: 218.4ms | ActiveRecord: 0.2ms)


Started GET "/gists" for 127.0.0.1 at 2014-04-02 13:13:45 +0200
Processing by GistsController#index as HTML
  [1m[35mGist Load (0.2ms)[0m  SELECT "gists".* FROM "gists"
  Rendered gists/index.html.erb within layouts/application (208.2ms)
Completed 200 OK in 220ms (Views: 218.5ms | ActiveRecord: 0.2ms)


Started GET "/gists" for 127.0.0.1 at 2014-04-02 13:13:48 +0200
Processing by GistsController#index as HTML
  [1m[36mGist Load (0.2ms)[0m  [1mSELECT "gists".* FROM "gists"[0m
  Rendered gists/index.html.erb within layouts/application (210.5ms)
Completed 200 OK in 221ms (Views: 220.6ms | ActiveRecord: 0.2ms)


Started GET "/gists" for 127.0.0.1 at 2014-04-02 13:13:49 +0200
Processing by GistsController#index as HTML
  [1m[35mGist Load (3.5ms)[0m  SELECT "gists".* FROM "gists"
  Rendered gists/index.html.erb within layouts/application (209.6ms)
Completed 200 OK in 218ms (Views: 213.9ms | ActiveRecord: 3.5ms)
  [1m[36m (19.0ms)[0m  [1mDROP TABLE "gists"[0m
  [1m[35m (6.0ms)[0m  CREATE TABLE "gists" ("id" INTEGER PRIMARY KEY AUTOINCREMENT NOT NULL, "snippet" text, "lang" varchar(255), "description" varchar(255), "created_at" datetime, "updated_at" datetime) 
  [1m[36m (0.1ms)[0m  [1mSELECT version FROM "schema_migrations"[0m
  [1m[35mActiveRecord::SchemaMigration Load (0.1ms)[0m  SELECT "schema_migrations".* FROM "schema_migrations"
DEPRECATION WARNING: Relation#all is deprecated. If you want to eager-load a relation, you can call #load (e.g. `Post.where(published: true).load`). If you want to get an array of records from a relation, you can call #to_a (e.g. `Post.where(published: true).to_a`). (called from block (2 levels) in <top (required)> at /home/student/ASI/my_gists/lib/tasks/export.rake:4)
  [1m[36mGist Load (1.8ms)[0m  [1mSELECT "gists".* FROM "gists" ORDER BY "gists"."id" ASC[0m
DEPRECATION WARNING: Relation#all is deprecated. If you want to eager-load a relation, you can call #load (e.g. `Post.where(published: true).load`). If you want to get an array of records from a relation, you can call #to_a (e.g. `Post.where(published: true).to_a`). (called from block (2 levels) in <top (required)> at /home/student/ASI/my_gists/lib/tasks/export.rake:4)
  [1m[36mGist Load (2.2ms)[0m  [1mSELECT "gists".* FROM "gists" ORDER BY "gists"."id" ASC[0m
  [1m[36mActiveRecord::SchemaMigration Load (0.0ms)[0m  [1mSELECT "schema_migrations".* FROM "schema_migrations"[0m
  [1m[35m (0.1ms)[0m  begin transaction
  [1m[36mSQL (64.4ms)[0m  [1mINSERT INTO "gists" ("created_at", "description", "lang", "snippet", "updated_at") VALUES (?, ?, ?, ?, ?)[0m  [["created_at", Wed, 02 Apr 2014 12:06:03 UTC +00:00], ["description", "Hello World w C#"], ["lang", "c#"], ["snippet", "\n//Hello World in C#\nclass HelloWorld\n{\nstatic void Main()\n{\nSystem.Console.WriteLine(\"Hello, World!\");\n}\n}\n"], ["updated_at", Wed, 02 Apr 2014 12:06:03 UTC +00:00]]
  [1m[35m (24.1ms)[0m  commit transaction
  [1m[36m (0.2ms)[0m  [1mbegin transaction[0m
  [1m[35mSQL (0.4ms)[0m  INSERT INTO "gists" ("created_at", "description", "lang", "snippet", "updated_at") VALUES (?, ?, ?, ?, ?)  [["created_at", Wed, 02 Apr 2014 12:06:03 UTC +00:00], ["description", "Hello World w C++"], ["lang", "c++"], ["snippet", "\n#include <iostream.h>\n\nmain()\n{\ncout << \"Hello World!\" << endl;\nreturn 0;\n}\n"], ["updated_at", Wed, 02 Apr 2014 12:06:03 UTC +00:00]]
  [1m[36m (11.3ms)[0m  [1mcommit transaction[0m
  [1m[35m (0.1ms)[0m  begin transaction
  [1m[36mSQL (0.3ms)[0m  [1mINSERT INTO "gists" ("created_at", "description", "lang", "snippet", "updated_at") VALUES (?, ?, ?, ?, ?)[0m  [["created_at", Wed, 02 Apr 2014 12:06:03 UTC +00:00], ["description", "Hello World w CSS"], ["lang", "css"], ["snippet", "\nbody:before {\ncontent: \"Hello World\";\n}\n"], ["updated_at", Wed, 02 Apr 2014 12:06:03 UTC +00:00]]
  [1m[35m (7.0ms)[0m  commit transaction
  [1m[36m (0.1ms)[0m  [1mbegin transaction[0m
  [1m[35mSQL (0.5ms)[0m  INSERT INTO "gists" ("created_at", "description", "lang", "snippet", "updated_at") VALUES (?, ?, ?, ?, ?)  [["created_at", Wed, 02 Apr 2014 12:06:03 UTC +00:00], ["description", "Hello World w Delphi"], ["lang", "delphi"], ["snippet", "\nProgram Hello_World;\n\n{$APPTYPE CONSOLE}\n\nBegin\nWriteLn('Hello World');\nEnd.\n"], ["updated_at", Wed, 02 Apr 2014 12:06:03 UTC +00:00]]
  [1m[36m (5.4ms)[0m  [1mcommit transaction[0m
  [1m[35m (0.1ms)[0m  begin transaction
  [1m[36mSQL (0.1ms)[0m  [1mINSERT INTO "gists" ("created_at", "description", "lang", "snippet", "updated_at") VALUES (?, ?, ?, ?, ?)[0m  [["created_at", Wed, 02 Apr 2014 12:06:03 UTC +00:00], ["description", "Hello World w HTMLu"], ["lang", "html"], ["snippet", "\n<HTML>\n<!-- Hello World in HTML -->\n<HEAD>\n<TITLE>Hello World!</TITLE>\n</HEAD>\n<BODY>\nHello World!\n</BODY>\n</HTML>\n"], ["updated_at", Wed, 02 Apr 2014 12:06:03 UTC +00:00]]
  [1m[35m (4.6ms)[0m  commit transaction
  [1m[36m (0.1ms)[0m  [1mbegin transaction[0m
  [1m[35mSQL (0.3ms)[0m  INSERT INTO "gists" ("created_at", "description", "lang", "snippet", "updated_at") VALUES (?, ?, ?, ?, ?)  [["created_at", Wed, 02 Apr 2014 12:06:03 UTC +00:00], ["description", "Hello World w Javie"], ["lang", "java"], ["snippet", "\nclass HelloWorld {\nstatic public void main( String args[] ) {\nSystem.out.println( \"Hello World!\" );\n}\n}\n"], ["updated_at", Wed, 02 Apr 2014 12:06:03 UTC +00:00]]
  [1m[36m (7.2ms)[0m  [1mcommit transaction[0m
  [1m[35m (0.1ms)[0m  begin transaction
  [1m[36mSQL (0.4ms)[0m  [1mINSERT INTO "gists" ("created_at", "description", "lang", "snippet", "updated_at") VALUES (?, ?, ?, ?, ?)[0m  [["created_at", Wed, 02 Apr 2014 12:06:03 UTC +00:00], ["description", "Hello World w Pascalu"], ["lang", "pascal"], ["snippet", "\n{Hello World in Pascal}\n\nprogram HelloWorld(output);\nbegin\nWriteLn('Hello World!');\nend.\n"], ["updated_at", Wed, 02 Apr 2014 12:06:03 UTC +00:00]]
  [1m[35m (13.9ms)[0m  commit transaction
  [1m[36m (0.1ms)[0m  [1mbegin transaction[0m
  [1m[35mSQL (0.4ms)[0m  INSERT INTO "gists" ("created_at", "description", "lang", "snippet", "updated_at") VALUES (?, ?, ?, ?, ?)  [["created_at", Wed, 02 Apr 2014 12:06:03 UTC +00:00], ["description", "Hello World w Perlu"], ["lang", "perl"], ["snippet", "\n# Hello world in perl\n\nprint \"Hello World!\\n\";\n"], ["updated_at", Wed, 02 Apr 2014 12:06:03 UTC +00:00]]
  [1m[36m (4.8ms)[0m  [1mcommit transaction[0m
  [1m[35m (0.1ms)[0m  begin transaction
  [1m[36mSQL (0.5ms)[0m  [1mINSERT INTO "gists" ("created_at", "description", "lang", "snippet", "updated_at") VALUES (?, ?, ?, ?, ?)[0m  [["created_at", Wed, 02 Apr 2014 12:06:03 UTC +00:00], ["description", "Hello World w PHP"], ["lang", "php"], ["snippet", "\n<?php\n// Hello World in PHP\necho 'Hello World!';\n?>\n"], ["updated_at", Wed, 02 Apr 2014 12:06:03 UTC +00:00]]
  [1m[35m (18.8ms)[0m  commit transaction
  [1m[36m (0.1ms)[0m  [1mbegin transaction[0m
  [1m[35mSQL (0.3ms)[0m  INSERT INTO "gists" ("created_at", "description", "lang", "snippet", "updated_at") VALUES (?, ?, ?, ?, ?)  [["created_at", Wed, 02 Apr 2014 12:06:03 UTC +00:00], ["description", "Hello World w Microsoft Powershell"], ["lang", "powershell"], ["snippet", "\n# Hello World in Microsoft Powershell\n\n'Hello World!'\n"], ["updated_at", Wed, 02 Apr 2014 12:06:03 UTC +00:00]]
  [1m[36m (5.1ms)[0m  [1mcommit transaction[0m
  [1m[35m (0.1ms)[0m  begin transaction
  [1m[36mSQL (0.3ms)[0m  [1mINSERT INTO "gists" ("created_at", "description", "lang", "snippet", "updated_at") VALUES (?, ?, ?, ?, ?)[0m  [["created_at", Wed, 02 Apr 2014 12:06:03 UTC +00:00], ["description", "Hello World w Pythonie"], ["lang", "python"], ["snippet", "\n# Hello World in Python\nprint \"Hello World\"\n"], ["updated_at", Wed, 02 Apr 2014 12:06:03 UTC +00:00]]
  [1m[35m (4.8ms)[0m  commit transaction
  [1m[36m (0.2ms)[0m  [1mbegin transaction[0m
  [1m[35mSQL (0.3ms)[0m  INSERT INTO "gists" ("created_at", "description", "lang", "snippet", "updated_at") VALUES (?, ?, ?, ?, ?)  [["created_at", Wed, 02 Apr 2014 12:06:03 UTC +00:00], ["description", "Hello World w Ruby"], ["lang", "ruby"], ["snippet", "\n# Hello World in Ruby\nputs \"Hello World!\"\n"], ["updated_at", Wed, 02 Apr 2014 12:06:03 UTC +00:00]]
  [1m[36m (5.8ms)[0m  [1mcommit transaction[0m
  [1m[35m (0.1ms)[0m  begin transaction
  [1m[36mSQL (1.1ms)[0m  [1mINSERT INTO "gists" ("created_at", "description", "lang", "snippet", "updated_at") VALUES (?, ?, ?, ?, ?)[0m  [["created_at", Wed, 02 Apr 2014 12:06:03 UTC +00:00], ["description", "Hello World w SQL"], ["lang", "sql"], ["snippet", "\n# Hello World in SQL\n\nSELECT 'Hello World';\n"], ["updated_at", Wed, 02 Apr 2014 12:06:03 UTC +00:00]]
  [1m[35m (8.1ms)[0m  commit transaction
  [1m[36m (0.1ms)[0m  [1mbegin transaction[0m
  [1m[35mSQL (0.7ms)[0m  INSERT INTO "gists" ("created_at", "description", "lang", "snippet", "updated_at") VALUES (?, ?, ?, ?, ?)  [["created_at", Wed, 02 Apr 2014 12:06:03 UTC +00:00], ["description", "Hello World w Scala"], ["lang", "scala"], ["snippet", "\n// Hello World in Scala\n\nobject HelloWorld with Application {\nConsole.println(\"Hello world!\");\n}\n"], ["updated_at", Wed, 02 Apr 2014 12:06:03 UTC +00:00]]
  [1m[36m (12.5ms)[0m  [1mcommit transaction[0m
  [1m[35m (0.1ms)[0m  begin transaction
  [1m[36mSQL (0.3ms)[0m  [1mINSERT INTO "gists" ("created_at", "description", "lang", "snippet", "updated_at") VALUES (?, ?, ?, ?, ?)[0m  [["created_at", Wed, 02 Apr 2014 12:06:03 UTC +00:00], ["description", "Hello World w TeX"], ["lang", "tex"], ["snippet", "\n% Hello World in plain \\TeX\n\\immediate\\write16{Hello World!}\n\\end\n"], ["updated_at", Wed, 02 Apr 2014 12:06:03 UTC +00:00]]
  [1m[35m (4.1ms)[0m  commit transaction
  [1m[36m (0.1ms)[0m  [1mbegin transaction[0m
  [1m[35mSQL (0.3ms)[0m  INSERT INTO "gists" ("created_at", "description", "lang", "snippet", "updated_at") VALUES (?, ?, ?, ?, ?)  [["created_at", Wed, 02 Apr 2014 12:06:03 UTC +00:00], ["description", "Hello World w C"], ["lang", "c"], ["snippet", "\n#include <stdio.h>\nint main(void)\n{\nprintf(\"Hello, world!\\n\");\nreturn 0;\n}\n"], ["updated_at", Wed, 02 Apr 2014 12:06:03 UTC +00:00]]
  [1m[36m (4.5ms)[0m  [1mcommit transaction[0m
  [1m[36mActiveRecord::SchemaMigration Load (0.2ms)[0m  [1mSELECT "schema_migrations".* FROM "schema_migrations"[0m
  [1m[35m (0.1ms)[0m  begin transaction
  [1m[36mSQL (3.9ms)[0m  [1mINSERT INTO "gists" ("created_at", "description", "lang", "snippet", "updated_at") VALUES (?, ?, ?, ?, ?)[0m  [["created_at", Wed, 02 Apr 2014 12:08:01 UTC +00:00], ["description", "Hello World w C#"], ["lang", "c#"], ["snippet", "\n//Hello World in C#\nclass HelloWorld\n{\nstatic void Main()\n{\nSystem.Console.WriteLine(\"Hello, World!\");\n}\n}\n"], ["updated_at", Wed, 02 Apr 2014 12:08:01 UTC +00:00]]
  [1m[35m (50.8ms)[0m  commit transaction
  [1m[36m (0.1ms)[0m  [1mbegin transaction[0m
  [1m[35mSQL (0.4ms)[0m  INSERT INTO "gists" ("created_at", "description", "lang", "snippet", "updated_at") VALUES (?, ?, ?, ?, ?)  [["created_at", Wed, 02 Apr 2014 12:08:01 UTC +00:00], ["description", "Hello World w C++"], ["lang", "c++"], ["snippet", "\n#include <iostream.h>\n\nmain()\n{\ncout << \"Hello World!\" << endl;\nreturn 0;\n}\n"], ["updated_at", Wed, 02 Apr 2014 12:08:01 UTC +00:00]]
  [1m[36m (5.8ms)[0m  [1mcommit transaction[0m
  [1m[35m (0.1ms)[0m  begin transaction
  [1m[36mSQL (0.3ms)[0m  [1mINSERT INTO "gists" ("created_at", "description", "lang", "snippet", "updated_at") VALUES (?, ?, ?, ?, ?)[0m  [["created_at", Wed, 02 Apr 2014 12:08:01 UTC +00:00], ["description", "Hello World w CSS"], ["lang", "css"], ["snippet", "\nbody:before {\ncontent: \"Hello World\";\n}\n"], ["updated_at", Wed, 02 Apr 2014 12:08:01 UTC +00:00]]
  [1m[35m (4.9ms)[0m  commit transaction
  [1m[36m (0.1ms)[0m  [1mbegin transaction[0m
  [1m[35mSQL (0.3ms)[0m  INSERT INTO "gists" ("created_at", "description", "lang", "snippet", "updated_at") VALUES (?, ?, ?, ?, ?)  [["created_at", Wed, 02 Apr 2014 12:08:01 UTC +00:00], ["description", "Hello World w Delphi"], ["lang", "delphi"], ["snippet", "\nProgram Hello_World;\n\n{$APPTYPE CONSOLE}\n\nBegin\nWriteLn('Hello World');\nEnd.\n"], ["updated_at", Wed, 02 Apr 2014 12:08:01 UTC +00:00]]
  [1m[36m (7.7ms)[0m  [1mcommit transaction[0m
  [1m[35m (0.1ms)[0m  begin transaction
  [1m[36mSQL (0.3ms)[0m  [1mINSERT INTO "gists" ("created_at", "description", "lang", "snippet", "updated_at") VALUES (?, ?, ?, ?, ?)[0m  [["created_at", Wed, 02 Apr 2014 12:08:01 UTC +00:00], ["description", "Hello World w HTMLu"], ["lang", "html"], ["snippet", "\n<HTML>\n<!-- Hello World in HTML -->\n<HEAD>\n<TITLE>Hello World!</TITLE>\n</HEAD>\n<BODY>\nHello World!\n</BODY>\n</HTML>\n"], ["updated_at", Wed, 02 Apr 2014 12:08:01 UTC +00:00]]
  [1m[35m (16.1ms)[0m  commit transaction
  [1m[36m (0.1ms)[0m  [1mbegin transaction[0m
  [1m[35mSQL (0.3ms)[0m  INSERT INTO "gists" ("created_at", "description", "lang", "snippet", "updated_at") VALUES (?, ?, ?, ?, ?)  [["created_at", Wed, 02 Apr 2014 12:08:01 UTC +00:00], ["description", "Hello World w Javie"], ["lang", "java"], ["snippet", "\nclass HelloWorld {\nstatic public void main( String args[] ) {\nSystem.out.println( \"Hello World!\" );\n}\n}\n"], ["updated_at", Wed, 02 Apr 2014 12:08:01 UTC +00:00]]
  [1m[36m (4.5ms)[0m  [1mcommit transaction[0m
  [1m[35m (0.1ms)[0m  begin transaction
  [1m[36mSQL (0.3ms)[0m  [1mINSERT INTO "gists" ("created_at", "description", "lang", "snippet", "updated_at") VALUES (?, ?, ?, ?, ?)[0m  [["created_at", Wed, 02 Apr 2014 12:08:01 UTC +00:00], ["description", "Hello World w Pascalu"], ["lang", "pascal"], ["snippet", "\n{Hello World in Pascal}\n\nprogram HelloWorld(output);\nbegin\nWriteLn('Hello World!');\nend.\n"], ["updated_at", Wed, 02 Apr 2014 12:08:01 UTC +00:00]]
  [1m[35m (17.2ms)[0m  commit transaction
  [1m[36m (0.1ms)[0m  [1mbegin transaction[0m
  [1m[35mSQL (0.3ms)[0m  INSERT INTO "gists" ("created_at", "description", "lang", "snippet", "updated_at") VALUES (?, ?, ?, ?, ?)  [["created_at", Wed, 02 Apr 2014 12:08:01 UTC +00:00], ["description", "Hello World w Perlu"], ["lang", "perl"], ["snippet", "\n# Hello world in perl\n\nprint \"Hello World!\\n\";\n"], ["updated_at", Wed, 02 Apr 2014 12:08:01 UTC +00:00]]
  [1m[36m (4.9ms)[0m  [1mcommit transaction[0m
  [1m[35m (0.5ms)[0m  begin transaction
  [1m[36mSQL (0.3ms)[0m  [1mINSERT INTO "gists" ("created_at", "description", "lang", "snippet", "updated_at") VALUES (?, ?, ?, ?, ?)[0m  [["created_at", Wed, 02 Apr 2014 12:08:01 UTC +00:00], ["description", "Hello World w PHP"], ["lang", "php"], ["snippet", "\n<?php\n// Hello World in PHP\necho 'Hello World!';\n?>\n"], ["updated_at", Wed, 02 Apr 2014 12:08:01 UTC +00:00]]
  [1m[35m (3.9ms)[0m  commit transaction
  [1m[36m (0.1ms)[0m  [1mbegin transaction[0m
  [1m[35mSQL (0.3ms)[0m  INSERT INTO "gists" ("created_at", "description", "lang", "snippet", "updated_at") VALUES (?, ?, ?, ?, ?)  [["created_at", Wed, 02 Apr 2014 12:08:01 UTC +00:00], ["description", "Hello World w Microsoft Powershell"], ["lang", "powershell"], ["snippet", "\n# Hello World in Microsoft Powershell\n\n'Hello World!'\n"], ["updated_at", Wed, 02 Apr 2014 12:08:01 UTC +00:00]]
  [1m[36m (8.4ms)[0m  [1mcommit transaction[0m
  [1m[35m (0.1ms)[0m  begin transaction
  [1m[36mSQL (0.3ms)[0m  [1mINSERT INTO "gists" ("created_at", "description", "lang", "snippet", "updated_at") VALUES (?, ?, ?, ?, ?)[0m  [["created_at", Wed, 02 Apr 2014 12:08:01 UTC +00:00], ["description", "Hello World w Pythonie"], ["lang", "python"], ["snippet", "\n# Hello World in Python\nprint \"Hello World\"\n"], ["updated_at", Wed, 02 Apr 2014 12:08:01 UTC +00:00]]
  [1m[35m (5.4ms)[0m  commit transaction
  [1m[36m (0.1ms)[0m  [1mbegin transaction[0m
  [1m[35mSQL (0.3ms)[0m  INSERT INTO "gists" ("created_at", "description", "lang", "snippet", "updated_at") VALUES (?, ?, ?, ?, ?)  [["created_at", Wed, 02 Apr 2014 12:08:01 UTC +00:00], ["description", "Hello World w Ruby"], ["lang", "ruby"], ["snippet", "\n# Hello World in Ruby\nputs \"Hello World!\"\n"], ["updated_at", Wed, 02 Apr 2014 12:08:01 UTC +00:00]]
  [1m[36m (3.8ms)[0m  [1mcommit transaction[0m
  [1m[35m (0.1ms)[0m  begin transaction
  [1m[36mSQL (0.3ms)[0m  [1mINSERT INTO "gists" ("created_at", "description", "lang", "snippet", "updated_at") VALUES (?, ?, ?, ?, ?)[0m  [["created_at", Wed, 02 Apr 2014 12:08:01 UTC +00:00], ["description", "Hello World w SQL"], ["lang", "sql"], ["snippet", "\n# Hello World in SQL\n\nSELECT 'Hello World';\n"], ["updated_at", Wed, 02 Apr 2014 12:08:01 UTC +00:00]]
  [1m[35m (8.6ms)[0m  commit transaction
  [1m[36m (0.0ms)[0m  [1mbegin transaction[0m
  [1m[35mSQL (0.4ms)[0m  INSERT INTO "gists" ("created_at", "description", "lang", "snippet", "updated_at") VALUES (?, ?, ?, ?, ?)  [["created_at", Wed, 02 Apr 2014 12:08:01 UTC +00:00], ["description", "Hello World w Scala"], ["lang", "scala"], ["snippet", "\n// Hello World in Scala\n\nobject HelloWorld with Application {\nConsole.println(\"Hello world!\");\n}\n"], ["updated_at", Wed, 02 Apr 2014 12:08:01 UTC +00:00]]
  [1m[36m (3.8ms)[0m  [1mcommit transaction[0m
  [1m[35m (0.2ms)[0m  begin transaction
  [1m[36mSQL (0.3ms)[0m  [1mINSERT INTO "gists" ("created_at", "description", "lang", "snippet", "updated_at") VALUES (?, ?, ?, ?, ?)[0m  [["created_at", Wed, 02 Apr 2014 12:08:01 UTC +00:00], ["description", "Hello World w TeX"], ["lang", "tex"], ["snippet", "\n% Hello World in plain \\TeX\n\\immediate\\write16{Hello World!}\n\\end\n"], ["updated_at", Wed, 02 Apr 2014 12:08:01 UTC +00:00]]
  [1m[35m (4.9ms)[0m  commit transaction
  [1m[36m (0.1ms)[0m  [1mbegin transaction[0m
  [1m[35mSQL (0.4ms)[0m  INSERT INTO "gists" ("created_at", "description", "lang", "snippet", "updated_at") VALUES (?, ?, ?, ?, ?)  [["created_at", Wed, 02 Apr 2014 12:08:01 UTC +00:00], ["description", "Hello World w C"], ["lang", "c"], ["snippet", "\n#include <stdio.h>\nint main(void)\n{\nprintf(\"Hello, world!\\n\");\nreturn 0;\n}\n"], ["updated_at", Wed, 02 Apr 2014 12:08:01 UTC +00:00]]
  [1m[36m (6.4ms)[0m  [1mcommit transaction[0m
  [1m[36mActiveRecord::SchemaMigration Load (0.0ms)[0m  [1mSELECT "schema_migrations".* FROM "schema_migrations"[0m
  [1m[35m (0.1ms)[0m  begin transaction
  [1m[36mSQL (4.1ms)[0m  [1mINSERT INTO "gists" ("created_at", "description", "lang", "snippet", "updated_at") VALUES (?, ?, ?, ?, ?)[0m  [["created_at", Wed, 02 Apr 2014 12:08:06 UTC +00:00], ["description", "Hello World w C#"], ["lang", "c#"], ["snippet", "\n//Hello World in C#\nclass HelloWorld\n{\nstatic void Main()\n{\nSystem.Console.WriteLine(\"Hello, World!\");\n}\n}\n"], ["updated_at", Wed, 02 Apr 2014 12:08:06 UTC +00:00]]
  [1m[35m (177.6ms)[0m  commit transaction
  [1m[36m (0.1ms)[0m  [1mbegin transaction[0m
  [1m[35mSQL (0.3ms)[0m  INSERT INTO "gists" ("created_at", "description", "lang", "snippet", "updated_at") VALUES (?, ?, ?, ?, ?)  [["created_at", Wed, 02 Apr 2014 12:08:06 UTC +00:00], ["description", "Hello World w C++"], ["lang", "c++"], ["snippet", "\n#include <iostream.h>\n\nmain()\n{\ncout << \"Hello World!\" << endl;\nreturn 0;\n}\n"], ["updated_at", Wed, 02 Apr 2014 12:08:06 UTC +00:00]]
  [1m[36m (6.6ms)[0m  [1mcommit transaction[0m
  [1m[35m (0.1ms)[0m  begin transaction
  [1m[36mSQL (0.3ms)[0m  [1mINSERT INTO "gists" ("created_at", "description", "lang", "snippet", "updated_at") VALUES (?, ?, ?, ?, ?)[0m  [["created_at", Wed, 02 Apr 2014 12:08:06 UTC +00:00], ["description", "Hello World w CSS"], ["lang", "css"], ["snippet", "\nbody:before {\ncontent: \"Hello World\";\n}\n"], ["updated_at", Wed, 02 Apr 2014 12:08:06 UTC +00:00]]
  [1m[35m (21.4ms)[0m  commit transaction
  [1m[36m (0.3ms)[0m  [1mbegin transaction[0m
  [1m[35mSQL (0.5ms)[0m  INSERT INTO "gists" ("created_at", "description", "lang", "snippet", "updated_at") VALUES (?, ?, ?, ?, ?)  [["created_at", Wed, 02 Apr 2014 12:08:06 UTC +00:00], ["description", "Hello World w Delphi"], ["lang", "delphi"], ["snippet", "\nProgram Hello_World;\n\n{$APPTYPE CONSOLE}\n\nBegin\nWriteLn('Hello World');\nEnd.\n"], ["updated_at", Wed, 02 Apr 2014 12:08:06 UTC +00:00]]
  [1m[36m (4.8ms)[0m  [1mcommit transaction[0m
  [1m[35m (0.1ms)[0m  begin transaction
  [1m[36mSQL (0.3ms)[0m  [1mINSERT INTO "gists" ("created_at", "description", "lang", "snippet", "updated_at") VALUES (?, ?, ?, ?, ?)[0m  [["created_at", Wed, 02 Apr 2014 12:08:06 UTC +00:00], ["description", "Hello World w HTMLu"], ["lang", "html"], ["snippet", "\n<HTML>\n<!-- Hello World in HTML -->\n<HEAD>\n<TITLE>Hello World!</TITLE>\n</HEAD>\n<BODY>\nHello World!\n</BODY>\n</HTML>\n"], ["updated_at", Wed, 02 Apr 2014 12:08:06 UTC +00:00]]
  [1m[35m (4.5ms)[0m  commit transaction
  [1m[36m (0.1ms)[0m  [1mbegin transaction[0m
  [1m[35mSQL (0.3ms)[0m  INSERT INTO "gists" ("created_at", "description", "lang", "snippet", "updated_at") VALUES (?, ?, ?, ?, ?)  [["created_at", Wed, 02 Apr 2014 12:08:06 UTC +00:00], ["description", "Hello World w Javie"], ["lang", "java"], ["snippet", "\nclass HelloWorld {\nstatic public void main( String args[] ) {\nSystem.out.println( \"Hello World!\" );\n}\n}\n"], ["updated_at", Wed, 02 Apr 2014 12:08:06 UTC +00:00]]
  [1m[36m (5.0ms)[0m  [1mcommit transaction[0m
  [1m[35m (0.1ms)[0m  begin transaction
  [1m[36mSQL (0.4ms)[0m  [1mINSERT INTO "gists" ("created_at", "description", "lang", "snippet", "updated_at") VALUES (?, ?, ?, ?, ?)[0m  [["created_at", Wed, 02 Apr 2014 12:08:06 UTC +00:00], ["description", "Hello World w Pascalu"], ["lang", "pascal"], ["snippet", "\n{Hello World in Pascal}\n\nprogram HelloWorld(output);\nbegin\nWriteLn('Hello World!');\nend.\n"], ["updated_at", Wed, 02 Apr 2014 12:08:06 UTC +00:00]]
  [1m[35m (4.5ms)[0m  commit transaction
  [1m[36m (0.1ms)[0m  [1mbegin transaction[0m
  [1m[35mSQL (0.0ms)[0m  INSERT INTO "gists" ("created_at", "description", "lang", "snippet", "updated_at") VALUES (?, ?, ?, ?, ?)  [["created_at", Wed, 02 Apr 2014 12:08:06 UTC +00:00], ["description", "Hello World w Perlu"], ["lang", "perl"], ["snippet", "\n# Hello world in perl\n\nprint \"Hello World!\\n\";\n"], ["updated_at", Wed, 02 Apr 2014 12:08:06 UTC +00:00]]
  [1m[36m (7.4ms)[0m  [1mcommit transaction[0m
  [1m[35m (0.1ms)[0m  begin transaction
  [1m[36mSQL (0.3ms)[0m  [1mINSERT INTO "gists" ("created_at", "description", "lang", "snippet", "updated_at") VALUES (?, ?, ?, ?, ?)[0m  [["created_at", Wed, 02 Apr 2014 12:08:06 UTC +00:00], ["description", "Hello World w PHP"], ["lang", "php"], ["snippet", "\n<?php\n// Hello World in PHP\necho 'Hello World!';\n?>\n"], ["updated_at", Wed, 02 Apr 2014 12:08:06 UTC +00:00]]
  [1m[35m (3.9ms)[0m  commit transaction
  [1m[36m (0.1ms)[0m  [1mbegin transaction[0m
  [1m[35mSQL (0.2ms)[0m  INSERT INTO "gists" ("created_at", "description", "lang", "snippet", "updated_at") VALUES (?, ?, ?, ?, ?)  [["created_at", Wed, 02 Apr 2014 12:08:06 UTC +00:00], ["description", "Hello World w Microsoft Powershell"], ["lang", "powershell"], ["snippet", "\n# Hello World in Microsoft Powershell\n\n'Hello World!'\n"], ["updated_at", Wed, 02 Apr 2014 12:08:06 UTC +00:00]]
  [1m[36m (4.9ms)[0m  [1mcommit transaction[0m
  [1m[35m (0.8ms)[0m  begin transaction
  [1m[36mSQL (0.3ms)[0m  [1mINSERT INTO "gists" ("created_at", "description", "lang", "snippet", "updated_at") VALUES (?, ?, ?, ?, ?)[0m  [["created_at", Wed, 02 Apr 2014 12:08:06 UTC +00:00], ["description", "Hello World w Pythonie"], ["lang", "python"], ["snippet", "\n# Hello World in Python\nprint \"Hello World\"\n"], ["updated_at", Wed, 02 Apr 2014 12:08:06 UTC +00:00]]
  [1m[35m (3.7ms)[0m  commit transaction
  [1m[36m (0.1ms)[0m  [1mbegin transaction[0m
  [1m[35mSQL (0.3ms)[0m  INSERT INTO "gists" ("created_at", "description", "lang", "snippet", "updated_at") VALUES (?, ?, ?, ?, ?)  [["created_at", Wed, 02 Apr 2014 12:08:06 UTC +00:00], ["description", "Hello World w Ruby"], ["lang", "ruby"], ["snippet", "\n# Hello World in Ruby\nputs \"Hello World!\"\n"], ["updated_at", Wed, 02 Apr 2014 12:08:06 UTC +00:00]]
  [1m[36m (4.3ms)[0m  [1mcommit transaction[0m
  [1m[35m (0.1ms)[0m  begin transaction
  [1m[36mSQL (0.3ms)[0m  [1mINSERT INTO "gists" ("created_at", "description", "lang", "snippet", "updated_at") VALUES (?, ?, ?, ?, ?)[0m  [["created_at", Wed, 02 Apr 2014 12:08:06 UTC +00:00], ["description", "Hello World w SQL"], ["lang", "sql"], ["snippet", "\n# Hello World in SQL\n\nSELECT 'Hello World';\n"], ["updated_at", Wed, 02 Apr 2014 12:08:06 UTC +00:00]]
  [1m[35m (3.9ms)[0m  commit transaction
  [1m[36m (0.1ms)[0m  [1mbegin transaction[0m
  [1m[35mSQL (0.4ms)[0m  INSERT INTO "gists" ("created_at", "description", "lang", "snippet", "updated_at") VALUES (?, ?, ?, ?, ?)  [["created_at", Wed, 02 Apr 2014 12:08:06 UTC +00:00], ["description", "Hello World w Scala"], ["lang", "scala"], ["snippet", "\n// Hello World in Scala\n\nobject HelloWorld with Application {\nConsole.println(\"Hello world!\");\n}\n"], ["updated_at", Wed, 02 Apr 2014 12:08:06 UTC +00:00]]
  [1m[36m (12.4ms)[0m  [1mcommit transaction[0m
  [1m[35m (0.1ms)[0m  begin transaction
  [1m[36mSQL (0.4ms)[0m  [1mINSERT INTO "gists" ("created_at", "description", "lang", "snippet", "updated_at") VALUES (?, ?, ?, ?, ?)[0m  [["created_at", Wed, 02 Apr 2014 12:08:06 UTC +00:00], ["description", "Hello World w TeX"], ["lang", "tex"], ["snippet", "\n% Hello World in plain \\TeX\n\\immediate\\write16{Hello World!}\n\\end\n"], ["updated_at", Wed, 02 Apr 2014 12:08:06 UTC +00:00]]
  [1m[35m (4.6ms)[0m  commit transaction
  [1m[36m (0.1ms)[0m  [1mbegin transaction[0m
  [1m[35mSQL (0.3ms)[0m  INSERT INTO "gists" ("created_at", "description", "lang", "snippet", "updated_at") VALUES (?, ?, ?, ?, ?)  [["created_at", Wed, 02 Apr 2014 12:08:06 UTC +00:00], ["description", "Hello World w C"], ["lang", "c"], ["snippet", "\n#include <stdio.h>\nint main(void)\n{\nprintf(\"Hello, world!\\n\");\nreturn 0;\n}\n"], ["updated_at", Wed, 02 Apr 2014 12:08:06 UTC +00:00]]
  [1m[36m (6.7ms)[0m  [1mcommit transaction[0m
  [1m[36mActiveRecord::SchemaMigration Load (0.2ms)[0m  [1mSELECT "schema_migrations".* FROM "schema_migrations"[0m
  [1m[35m (0.2ms)[0m  begin transaction
  [1m[36mSQL (4.4ms)[0m  [1mINSERT INTO "gists" ("created_at", "description", "lang", "snippet", "updated_at") VALUES (?, ?, ?, ?, ?)[0m  [["created_at", Wed, 02 Apr 2014 12:08:14 UTC +00:00], ["description", "Hello World w C#"], ["lang", "c#"], ["snippet", "\n//Hello World in C#\nclass HelloWorld\n{\nstatic void Main()\n{\nSystem.Console.WriteLine(\"Hello, World!\");\n}\n}\n"], ["updated_at", Wed, 02 Apr 2014 12:08:14 UTC +00:00]]
  [1m[35m (54.5ms)[0m  commit transaction
  [1m[36m (0.1ms)[0m  [1mbegin transaction[0m
  [1m[35mSQL (0.3ms)[0m  INSERT INTO "gists" ("created_at", "description", "lang", "snippet", "updated_at") VALUES (?, ?, ?, ?, ?)  [["created_at", Wed, 02 Apr 2014 12:08:14 UTC +00:00], ["description", "Hello World w C++"], ["lang", "c++"], ["snippet", "\n#include <iostream.h>\n\nmain()\n{\ncout << \"Hello World!\" << endl;\nreturn 0;\n}\n"], ["updated_at", Wed, 02 Apr 2014 12:08:14 UTC +00:00]]
  [1m[36m (25.5ms)[0m  [1mcommit transaction[0m
  [1m[35m (0.1ms)[0m  begin transaction
  [1m[36mSQL (1.3ms)[0m  [1mINSERT INTO "gists" ("created_at", "description", "lang", "snippet", "updated_at") VALUES (?, ?, ?, ?, ?)[0m  [["created_at", Wed, 02 Apr 2014 12:08:14 UTC +00:00], ["description", "Hello World w CSS"], ["lang", "css"], ["snippet", "\nbody:before {\ncontent: \"Hello World\";\n}\n"], ["updated_at", Wed, 02 Apr 2014 12:08:14 UTC +00:00]]
  [1m[35m (11.1ms)[0m  commit transaction
  [1m[36m (0.1ms)[0m  [1mbegin transaction[0m
  [1m[35mSQL (0.3ms)[0m  INSERT INTO "gists" ("created_at", "description", "lang", "snippet", "updated_at") VALUES (?, ?, ?, ?, ?)  [["created_at", Wed, 02 Apr 2014 12:08:14 UTC +00:00], ["description", "Hello World w Delphi"], ["lang", "delphi"], ["snippet", "\nProgram Hello_World;\n\n{$APPTYPE CONSOLE}\n\nBegin\nWriteLn('Hello World');\nEnd.\n"], ["updated_at", Wed, 02 Apr 2014 12:08:14 UTC +00:00]]
  [1m[36m (4.4ms)[0m  [1mcommit transaction[0m
  [1m[35m (0.2ms)[0m  begin transaction
  [1m[36mSQL (0.3ms)[0m  [1mINSERT INTO "gists" ("created_at", "description", "lang", "snippet", "updated_at") VALUES (?, ?, ?, ?, ?)[0m  [["created_at", Wed, 02 Apr 2014 12:08:14 UTC +00:00], ["description", "Hello World w HTMLu"], ["lang", "html"], ["snippet", "\n<HTML>\n<!-- Hello World in HTML -->\n<HEAD>\n<TITLE>Hello World!</TITLE>\n</HEAD>\n<BODY>\nHello World!\n</BODY>\n</HTML>\n"], ["updated_at", Wed, 02 Apr 2014 12:08:14 UTC +00:00]]
  [1m[35m (4.2ms)[0m  commit transaction
  [1m[36m (0.1ms)[0m  [1mbegin transaction[0m
  [1m[35mSQL (0.3ms)[0m  INSERT INTO "gists" ("created_at", "description", "lang", "snippet", "updated_at") VALUES (?, ?, ?, ?, ?)  [["created_at", Wed, 02 Apr 2014 12:08:14 UTC +00:00], ["description", "Hello World w Javie"], ["lang", "java"], ["snippet", "\nclass HelloWorld {\nstatic public void main( String args[] ) {\nSystem.out.println( \"Hello World!\" );\n}\n}\n"], ["updated_at", Wed, 02 Apr 2014 12:08:14 UTC +00:00]]
  [1m[36m (4.5ms)[0m  [1mcommit transaction[0m
  [1m[35m (0.1ms)[0m  begin transaction
  [1m[36mSQL (0.9ms)[0m  [1mINSERT INTO "gists" ("created_at", "description", "lang", "snippet", "updated_at") VALUES (?, ?, ?, ?, ?)[0m  [["created_at", Wed, 02 Apr 2014 12:08:14 UTC +00:00], ["description", "Hello World w Pascalu"], ["lang", "pascal"], ["snippet", "\n{Hello World in Pascal}\n\nprogram HelloWorld(output);\nbegin\nWriteLn('Hello World!');\nend.\n"], ["updated_at", Wed, 02 Apr 2014 12:08:14 UTC +00:00]]
  [1m[35m (5.1ms)[0m  commit transaction
  [1m[36m (0.1ms)[0m  [1mbegin transaction[0m
  [1m[35mSQL (0.3ms)[0m  INSERT INTO "gists" ("created_at", "description", "lang", "snippet", "updated_at") VALUES (?, ?, ?, ?, ?)  [["created_at", Wed, 02 Apr 2014 12:08:14 UTC +00:00], ["description", "Hello World w Perlu"], ["lang", "perl"], ["snippet", "\n# Hello world in perl\n\nprint \"Hello World!\\n\";\n"], ["updated_at", Wed, 02 Apr 2014 12:08:14 UTC +00:00]]
  [1m[36m (6.6ms)[0m  [1mcommit transaction[0m
  [1m[35m (0.1ms)[0m  begin transaction
  [1m[36mSQL (0.3ms)[0m  [1mINSERT INTO "gists" ("created_at", "description", "lang", "snippet", "updated_at") VALUES (?, ?, ?, ?, ?)[0m  [["created_at", Wed, 02 Apr 2014 12:08:14 UTC +00:00], ["description", "Hello World w PHP"], ["lang", "php"], ["snippet", "\n<?php\n// Hello World in PHP\necho 'Hello World!';\n?>\n"], ["updated_at", Wed, 02 Apr 2014 12:08:14 UTC +00:00]]
  [1m[35m (4.6ms)[0m  commit transaction
  [1m[36m (0.1ms)[0m  [1mbegin transaction[0m
  [1m[35mSQL (0.2ms)[0m  INSERT INTO "gists" ("created_at", "description", "lang", "snippet", "updated_at") VALUES (?, ?, ?, ?, ?)  [["created_at", Wed, 02 Apr 2014 12:08:14 UTC +00:00], ["description", "Hello World w Microsoft Powershell"], ["lang", "powershell"], ["snippet", "\n# Hello World in Microsoft Powershell\n\n'Hello World!'\n"], ["updated_at", Wed, 02 Apr 2014 12:08:14 UTC +00:00]]
  [1m[36m (3.4ms)[0m  [1mcommit transaction[0m
  [1m[35m (0.1ms)[0m  begin transaction
  [1m[36mSQL (0.3ms)[0m  [1mINSERT INTO "gists" ("created_at", "description", "lang", "snippet", "updated_at") VALUES (?, ?, ?, ?, ?)[0m  [["created_at", Wed, 02 Apr 2014 12:08:14 UTC +00:00], ["description", "Hello World w Pythonie"], ["lang", "python"], ["snippet", "\n# Hello World in Python\nprint \"Hello World\"\n"], ["updated_at", Wed, 02 Apr 2014 12:08:14 UTC +00:00]]
  [1m[35m (4.3ms)[0m  commit transaction
  [1m[36m (0.1ms)[0m  [1mbegin transaction[0m
  [1m[35mSQL (0.8ms)[0m  INSERT INTO "gists" ("created_at", "description", "lang", "snippet", "updated_at") VALUES (?, ?, ?, ?, ?)  [["created_at", Wed, 02 Apr 2014 12:08:14 UTC +00:00], ["description", "Hello World w Ruby"], ["lang", "ruby"], ["snippet", "\n# Hello World in Ruby\nputs \"Hello World!\"\n"], ["updated_at", Wed, 02 Apr 2014 12:08:14 UTC +00:00]]
  [1m[36m (4.1ms)[0m  [1mcommit transaction[0m
  [1m[35m (0.1ms)[0m  begin transaction
  [1m[36mSQL (0.3ms)[0m  [1mINSERT INTO "gists" ("created_at", "description", "lang", "snippet", "updated_at") VALUES (?, ?, ?, ?, ?)[0m  [["created_at", Wed, 02 Apr 2014 12:08:14 UTC +00:00], ["description", "Hello World w SQL"], ["lang", "sql"], ["snippet", "\n# Hello World in SQL\n\nSELECT 'Hello World';\n"], ["updated_at", Wed, 02 Apr 2014 12:08:14 UTC +00:00]]
  [1m[35m (4.1ms)[0m  commit transaction
  [1m[36m (0.1ms)[0m  [1mbegin transaction[0m
  [1m[35mSQL (0.3ms)[0m  INSERT INTO "gists" ("created_at", "description", "lang", "snippet", "updated_at") VALUES (?, ?, ?, ?, ?)  [["created_at", Wed, 02 Apr 2014 12:08:14 UTC +00:00], ["description", "Hello World w Scala"], ["lang", "scala"], ["snippet", "\n// Hello World in Scala\n\nobject HelloWorld with Application {\nConsole.println(\"Hello world!\");\n}\n"], ["updated_at", Wed, 02 Apr 2014 12:08:14 UTC +00:00]]
  [1m[36m (15.4ms)[0m  [1mcommit transaction[0m
  [1m[35m (0.1ms)[0m  begin transaction
  [1m[36mSQL (0.4ms)[0m  [1mINSERT INTO "gists" ("created_at", "description", "lang", "snippet", "updated_at") VALUES (?, ?, ?, ?, ?)[0m  [["created_at", Wed, 02 Apr 2014 12:08:14 UTC +00:00], ["description", "Hello World w TeX"], ["lang", "tex"], ["snippet", "\n% Hello World in plain \\TeX\n\\immediate\\write16{Hello World!}\n\\end\n"], ["updated_at", Wed, 02 Apr 2014 12:08:14 UTC +00:00]]
  [1m[35m (3.6ms)[0m  commit transaction
  [1m[36m (0.2ms)[0m  [1mbegin transaction[0m
  [1m[35mSQL (0.3ms)[0m  INSERT INTO "gists" ("created_at", "description", "lang", "snippet", "updated_at") VALUES (?, ?, ?, ?, ?)  [["created_at", Wed, 02 Apr 2014 12:08:14 UTC +00:00], ["description", "Hello World w C"], ["lang", "c"], ["snippet", "\n#include <stdio.h>\nint main(void)\n{\nprintf(\"Hello, world!\\n\");\nreturn 0;\n}\n"], ["updated_at", Wed, 02 Apr 2014 12:08:14 UTC +00:00]]
  [1m[36m (4.7ms)[0m  [1mcommit transaction[0m
  [1m[36mActiveRecord::SchemaMigration Load (0.2ms)[0m  [1mSELECT "schema_migrations".* FROM "schema_migrations"[0m
  [1m[35mActiveRecord::SchemaMigration Load (0.1ms)[0m  SELECT "schema_migrations".* FROM "schema_migrations"
  [1m[36mActiveRecord::SchemaMigration Load (0.2ms)[0m  [1mSELECT "schema_migrations".* FROM "schema_migrations"[0m
  [1m[35mActiveRecord::SchemaMigration Load (0.1ms)[0m  SELECT "schema_migrations".* FROM "schema_migrations"
  [1m[36mActiveRecord::SchemaMigration Load (0.2ms)[0m  [1mSELECT "schema_migrations".* FROM "schema_migrations"[0m
  [1m[35mActiveRecord::SchemaMigration Load (0.2ms)[0m  SELECT "schema_migrations".* FROM "schema_migrations"
  [1m[36mActiveRecord::SchemaMigration Load (0.2ms)[0m  [1mSELECT "schema_migrations".* FROM "schema_migrations"[0m
  [1m[35mActiveRecord::SchemaMigration Load (0.1ms)[0m  SELECT "schema_migrations".* FROM "schema_migrations"


Started GET "/" for 127.0.0.1 at 2014-04-02 18:40:56 +0200
  [1m[36mActiveRecord::SchemaMigration Load (0.2ms)[0m  [1mSELECT "schema_migrations".* FROM "schema_migrations"[0m
Processing by GistsController#index as HTML
  [1m[35mGist Load (0.2ms)[0m  SELECT "gists".* FROM "gists" LIMIT 5 OFFSET 0
  [1m[36m (0.2ms)[0m  [1mSELECT COUNT(*) FROM "gists"[0m
  Rendered gists/_gist.html.erb (2886.7ms)
  Rendered gists/index.html.erb within layouts/application (3024.9ms)
Completed 200 OK in 3956ms (Views: 3886.5ms | ActiveRecord: 0.8ms)


Started GET "/gists?page=2&_=1396456862228" for 127.0.0.1 at 2014-04-02 18:41:09 +0200
Processing by GistsController#index as JS
  Parameters: {"page"=>"2", "_"=>"1396456862228"}
  [1m[35mGist Load (1.0ms)[0m  SELECT "gists".* FROM "gists" LIMIT 5 OFFSET 5
  [1m[36m (0.2ms)[0m  [1mSELECT COUNT(*) FROM "gists"[0m
  Rendered gists/_gist.html.erb (625.6ms)
  Rendered gists/index.js.erb (635.4ms)
Completed 200 OK in 673ms (Views: 670.5ms | ActiveRecord: 1.1ms)


Started GET "/gists?_=1396456862229&page=3" for 127.0.0.1 at 2014-04-02 18:41:09 +0200
Processing by GistsController#index as JS
  Parameters: {"_"=>"1396456862229", "page"=>"3"}
  [1m[35mGist Load (0.1ms)[0m  SELECT "gists".* FROM "gists" LIMIT 5 OFFSET 10
  [1m[36m (0.2ms)[0m  [1mSELECT COUNT(*) FROM "gists"[0m
  Rendered gists/_gist.html.erb (1227.0ms)
  Rendered gists/index.js.erb (1236.2ms)
Completed 200 OK in 1239ms (Views: 1238.1ms | ActiveRecord: 0.3ms)


Started GET "/gists?_=1396456862230&page=4" for 127.0.0.1 at 2014-04-02 18:41:16 +0200
Processing by GistsController#index as JS
  Parameters: {"_"=>"1396456862230", "page"=>"4"}
  [1m[35mGist Load (4.4ms)[0m  SELECT "gists".* FROM "gists" LIMIT 5 OFFSET 15
  [1m[36m (0.2ms)[0m  [1mSELECT COUNT(*) FROM "gists"[0m
  Rendered gists/_gist.html.erb (622.9ms)
  Rendered gists/index.js.erb (638.3ms)
Completed 200 OK in 646ms (Views: 639.1ms | ActiveRecord: 4.6ms)


Started GET "/gists?_=1396456862231&page=5" for 127.0.0.1 at 2014-04-02 18:41:17 +0200
Processing by GistsController#index as JS
  Parameters: {"_"=>"1396456862231", "page"=>"5"}
  [1m[35mGist Load (2.3ms)[0m  SELECT "gists".* FROM "gists" LIMIT 5 OFFSET 20
  [1m[36m (0.2ms)[0m  [1mSELECT COUNT(*) FROM "gists"[0m
  Rendered gists/_gist.html.erb (517.8ms)
  Rendered gists/index.js.erb (533.2ms)
Completed 200 OK in 540ms (Views: 536.2ms | ActiveRecord: 2.5ms)


Started GET "/gists?_=1396456862232&page=6" for 127.0.0.1 at 2014-04-02 18:41:18 +0200
Processing by GistsController#index as JS
  Parameters: {"_"=>"1396456862232", "page"=>"6"}
  [1m[35mGist Load (0.2ms)[0m  SELECT "gists".* FROM "gists" LIMIT 5 OFFSET 25
  [1m[36m (0.2ms)[0m  [1mSELECT COUNT(*) FROM "gists"[0m
  Rendered gists/_gist.html.erb (516.0ms)
  Rendered gists/index.js.erb (528.1ms)
Completed 200 OK in 537ms (Views: 535.0ms | ActiveRecord: 0.4ms)


Started GET "/gists?_=1396456862233&page=7" for 127.0.0.1 at 2014-04-02 18:41:26 +0200
Processing by GistsController#index as JS
  Parameters: {"_"=>"1396456862233", "page"=>"7"}
  [1m[35mGist Load (1.0ms)[0m  SELECT "gists".* FROM "gists" LIMIT 5 OFFSET 30
  [1m[36m (0.2ms)[0m  [1mSELECT COUNT(*) FROM "gists"[0m
  Rendered gists/_gist.html.erb (513.6ms)
  Rendered gists/index.js.erb (531.1ms)
Completed 200 OK in 533ms (Views: 531.5ms | ActiveRecord: 1.1ms)


Started GET "/gists?_=1396456862234&page=8" for 127.0.0.1 at 2014-04-02 18:41:27 +0200
Processing by GistsController#index as JS
  Parameters: {"_"=>"1396456862234", "page"=>"8"}
  [1m[35mGist Load (0.2ms)[0m  SELECT "gists".* FROM "gists" LIMIT 5 OFFSET 35
  [1m[36m (0.1ms)[0m  [1mSELECT COUNT(*) FROM "gists"[0m
  Rendered gists/_gist.html.erb (515.4ms)
  Rendered gists/index.js.erb (530.9ms)
Completed 200 OK in 535ms (Views: 534.0ms | ActiveRecord: 0.4ms)
